<?xml version="1.0" encoding="UTF-8"?>
<coverage generated="1775101429737" clover="3.2.0">
  <project timestamp="1775101429737" name="All files">
    <metrics statements="235" coveredstatements="181" conditionals="381" coveredconditionals="259" methods="80" coveredmethods="62" elements="696" coveredelements="502" complexity="0" loc="235" ncloc="235" packages="12" files="30" classes="30"/>
    <package name="application.interfaces.repositories">
      <metrics statements="0" coveredstatements="0" conditionals="0" coveredconditionals="0" methods="0" coveredmethods="0"/>
      <file name="IOrderRepository.ts" path="C:\Users\Farhad Arian\OneDrive - ZLZ Zentrallabor AG\Dokumente\Claude\Projects\OrderEntry\frontend\zetlab\src\application\interfaces\repositories\IOrderRepository.ts">
        <metrics statements="0" coveredstatements="0" conditionals="0" coveredconditionals="0" methods="0" coveredmethods="0"/>
      </file>
      <file name="IResultRepository.ts" path="C:\Users\Farhad Arian\OneDrive - ZLZ Zentrallabor AG\Dokumente\Claude\Projects\OrderEntry\frontend\zetlab\src\application\interfaces\repositories\IResultRepository.ts">
        <metrics statements="0" coveredstatements="0" conditionals="0" coveredconditionals="0" methods="0" coveredmethods="0"/>
      </file>
    </package>
    <package name="application.services">
      <metrics statements="8" coveredstatements="0" conditionals="2" coveredconditionals="0" methods="6" coveredmethods="0"/>
      <file name="OrderService.ts" path="C:\Users\Farhad Arian\OneDrive - ZLZ Zentrallabor AG\Dokumente\Claude\Projects\OrderEntry\frontend\zetlab\src\application\services\OrderService.ts">
        <metrics statements="4" coveredstatements="0" conditionals="1" coveredconditionals="0" methods="3" coveredmethods="0"/>
        <line num="18" count="0" type="stmt"/>
        <line num="19" count="0" type="stmt"/>
        <line num="23" count="0" type="stmt"/>
        <line num="27" count="0" type="stmt"/>
      </file>
      <file name="ResultService.ts" path="C:\Users\Farhad Arian\OneDrive - ZLZ Zentrallabor AG\Dokumente\Claude\Projects\OrderEntry\frontend\zetlab\src\application\services\ResultService.ts">
        <metrics statements="4" coveredstatements="0" conditionals="1" coveredconditionals="0" methods="3" coveredmethods="0"/>
        <line num="18" count="0" type="stmt"/>
        <line num="19" count="0" type="stmt"/>
        <line num="24" count="0" type="stmt"/>
        <line num="29" count="0" type="stmt"/>
      </file>
    </package>
    <package name="application.strategies">
      <metrics statements="12" coveredstatements="12" conditionals="8" coveredconditionals="7" methods="8" coveredmethods="8"/>
      <file name="PatientSearchStrategy.ts" path="C:\Users\Farhad Arian\OneDrive - ZLZ Zentrallabor AG\Dokumente\Claude\Projects\OrderEntry\frontend\zetlab\src\application\strategies\PatientSearchStrategy.ts">
        <metrics statements="12" coveredstatements="12" conditionals="8" coveredconditionals="7" methods="8" coveredmethods="8"/>
        <line num="36" count="1" type="stmt"/>
        <line num="37" count="1" type="stmt"/>
        <line num="40" count="12" type="stmt"/>
        <line num="41" count="12" type="stmt"/>
        <line num="48" count="4" type="stmt"/>
        <line num="57" count="5" type="stmt"/>
        <line num="61" count="4" type="cond" truecount="2" falsecount="0"/>
        <line num="76" count="2" type="cond" truecount="2" falsecount="0"/>
        <line num="83" count="6" type="stmt"/>
        <line num="84" count="9" type="cond" truecount="1" falsecount="1"/>
        <line num="92" count="4" type="stmt"/>
        <line num="98" count="1" type="stmt"/>
      </file>
    </package>
    <package name="domain.entities">
      <metrics statements="0" coveredstatements="0" conditionals="0" coveredconditionals="0" methods="0" coveredmethods="0"/>
      <file name="Analysis.ts" path="C:\Users\Farhad Arian\OneDrive - ZLZ Zentrallabor AG\Dokumente\Claude\Projects\OrderEntry\frontend\zetlab\src\domain\entities\Analysis.ts">
        <metrics statements="0" coveredstatements="0" conditionals="0" coveredconditionals="0" methods="0" coveredmethods="0"/>
      </file>
      <file name="Order.ts" path="C:\Users\Farhad Arian\OneDrive - ZLZ Zentrallabor AG\Dokumente\Claude\Projects\OrderEntry\frontend\zetlab\src\domain\entities\Order.ts">
        <metrics statements="0" coveredstatements="0" conditionals="0" coveredconditionals="0" methods="0" coveredmethods="0"/>
      </file>
      <file name="Patient.ts" path="C:\Users\Farhad Arian\OneDrive - ZLZ Zentrallabor AG\Dokumente\Claude\Projects\OrderEntry\frontend\zetlab\src\domain\entities\Patient.ts">
        <metrics statements="0" coveredstatements="0" conditionals="0" coveredconditionals="0" methods="0" coveredmethods="0"/>
      </file>
      <file name="Result.ts" path="C:\Users\Farhad Arian\OneDrive - ZLZ Zentrallabor AG\Dokumente\Claude\Projects\OrderEntry\frontend\zetlab\src\domain\entities\Result.ts">
        <metrics statements="0" coveredstatements="0" conditionals="0" coveredconditionals="0" methods="0" coveredmethods="0"/>
      </file>
    </package>
    <package name="domain.factories">
      <metrics statements="8" coveredstatements="7" conditionals="49" coveredconditionals="46" methods="6" coveredmethods="6"/>
      <file name="OrderFactory.ts" path="C:\Users\Farhad Arian\OneDrive - ZLZ Zentrallabor AG\Dokumente\Claude\Projects\OrderEntry\frontend\zetlab\src\domain\factories\OrderFactory.ts">
        <metrics statements="4" coveredstatements="3" conditionals="18" coveredconditionals="15" methods="3" coveredmethods="3"/>
        <line num="3" count="1" type="stmt"/>
        <line num="23" count="18" type="stmt"/>
        <line num="40" count="0" type="stmt"/>
        <line num="46" count="18" type="cond" truecount="4" falsecount="0"/>
      </file>
      <file name="ResultFactory.ts" path="C:\Users\Farhad Arian\OneDrive - ZLZ Zentrallabor AG\Dokumente\Claude\Projects\OrderEntry\frontend\zetlab\src\domain\factories\ResultFactory.ts">
        <metrics statements="4" coveredstatements="4" conditionals="31" coveredconditionals="31" methods="3" coveredmethods="3"/>
        <line num="3" count="3" type="stmt"/>
        <line num="27" count="72" type="stmt"/>
        <line num="50" count="2" type="stmt"/>
        <line num="56" count="72" type="cond" truecount="4" falsecount="0"/>
      </file>
    </package>
    <package name="domain.useCases">
      <metrics statements="9" coveredstatements="9" conditionals="22" coveredconditionals="22" methods="8" coveredmethods="8"/>
      <file name="CreateOrder.ts" path="C:\Users\Farhad Arian\OneDrive - ZLZ Zentrallabor AG\Dokumente\Claude\Projects\OrderEntry\frontend\zetlab\src\domain\useCases\CreateOrder.ts">
        <metrics statements="2" coveredstatements="2" conditionals="0" coveredconditionals="0" methods="2" coveredmethods="2"/>
        <line num="8" count="2" type="stmt"/>
        <line num="11" count="2" type="stmt"/>
      </file>
      <file name="GetOrders.ts" path="C:\Users\Farhad Arian\OneDrive - ZLZ Zentrallabor AG\Dokumente\Claude\Projects\OrderEntry\frontend\zetlab\src\domain\useCases\GetOrders.ts">
        <metrics statements="2" coveredstatements="2" conditionals="1" coveredconditionals="1" methods="2" coveredmethods="2"/>
        <line num="11" count="4" type="stmt"/>
        <line num="14" count="5" type="stmt"/>
      </file>
      <file name="GetResults.ts" path="C:\Users\Farhad Arian\OneDrive - ZLZ Zentrallabor AG\Dokumente\Claude\Projects\OrderEntry\frontend\zetlab\src\domain\useCases\GetResults.ts">
        <metrics statements="2" coveredstatements="2" conditionals="1" coveredconditionals="1" methods="2" coveredmethods="2"/>
        <line num="12" count="6" type="stmt"/>
        <line num="15" count="8" type="stmt"/>
      </file>
      <file name="SearchResults.ts" path="C:\Users\Farhad Arian\OneDrive - ZLZ Zentrallabor AG\Dokumente\Claude\Projects\OrderEntry\frontend\zetlab\src\domain\useCases\SearchResults.ts">
        <metrics statements="3" coveredstatements="3" conditionals="20" coveredconditionals="20" methods="2" coveredmethods="2"/>
        <line num="12" count="7" type="stmt"/>
        <line num="15" count="7" type="stmt"/>
        <line num="24" count="7" type="stmt"/>
      </file>
    </package>
    <package name="domain.valueObjects">
      <metrics statements="12" coveredstatements="12" conditionals="10" coveredconditionals="8" methods="8" coveredmethods="8"/>
      <file name="Identifier.ts" path="C:\Users\Farhad Arian\OneDrive - ZLZ Zentrallabor AG\Dokumente\Claude\Projects\OrderEntry\frontend\zetlab\src\domain\valueObjects\Identifier.ts">
        <metrics statements="6" coveredstatements="6" conditionals="6" coveredconditionals="5" methods="4" coveredmethods="4"/>
        <line num="5" count="12" type="stmt"/>
        <line num="6" count="12" type="stmt"/>
        <line num="8" count="12" type="cond" truecount="3" falsecount="1"/>
        <line num="13" count="2" type="stmt"/>
        <line num="17" count="3" type="cond" truecount="2" falsecount="0"/>
        <line num="21" count="1" type="stmt"/>
      </file>
      <file name="OrderNumber.ts" path="C:\Users\Farhad Arian\OneDrive - ZLZ Zentrallabor AG\Dokumente\Claude\Projects\OrderEntry\frontend\zetlab\src\domain\valueObjects\OrderNumber.ts">
        <metrics statements="6" coveredstatements="6" conditionals="4" coveredconditionals="3" methods="4" coveredmethods="4"/>
        <line num="7" count="9" type="cond" truecount="1" falsecount="1"/>
        <line num="8" count="9" type="cond" truecount="2" falsecount="0"/>
        <line num="9" count="7" type="stmt"/>
        <line num="13" count="2" type="stmt"/>
        <line num="17" count="2" type="stmt"/>
        <line num="21" count="2" type="stmt"/>
      </file>
    </package>
    <package name="infrastructure.api">
      <metrics statements="14" coveredstatements="0" conditionals="14" coveredconditionals="0" methods="4" coveredmethods="0"/>
      <file name="HttpClient.ts" path="C:\Users\Farhad Arian\OneDrive - ZLZ Zentrallabor AG\Dokumente\Claude\Projects\OrderEntry\frontend\zetlab\src\infrastructure\api\HttpClient.ts">
        <metrics statements="13" coveredstatements="0" conditionals="14" coveredconditionals="0" methods="4" coveredmethods="0"/>
        <line num="7" count="0" type="cond" truecount="0" falsecount="1"/>
        <line num="10" count="0" type="stmt"/>
        <line num="11" count="0" type="cond" truecount="0" falsecount="2"/>
        <line num="12" count="0" type="stmt"/>
        <line num="13" count="0" type="cond" truecount="0" falsecount="5"/>
        <line num="16" count="0" type="stmt"/>
        <line num="17" count="0" type="cond" truecount="0" falsecount="2"/>
        <line num="18" count="0" type="stmt"/>
        <line num="22" count="0" type="stmt"/>
        <line num="23" count="0" type="cond" truecount="0" falsecount="2"/>
        <line num="27" count="0" type="stmt"/>
        <line num="33" count="0" type="cond" truecount="0" falsecount="2"/>
        <line num="34" count="0" type="stmt"/>
      </file>
      <file name="openapi.ts" path="C:\Users\Farhad Arian\OneDrive - ZLZ Zentrallabor AG\Dokumente\Claude\Projects\OrderEntry\frontend\zetlab\src\infrastructure\api\openapi.ts">
        <metrics statements="1" coveredstatements="0" conditionals="0" coveredconditionals="0" methods="0" coveredmethods="0"/>
        <line num="11" count="0" type="stmt"/>
      </file>
    </package>
    <package name="infrastructure.api.controllers">
      <metrics statements="132" coveredstatements="131" conditionals="188" coveredconditionals="137" methods="26" coveredmethods="26"/>
      <file name="OrdersController.ts" path="C:\Users\Farhad Arian\OneDrive - ZLZ Zentrallabor AG\Dokumente\Claude\Projects\OrderEntry\frontend\zetlab\src\infrastructure\api\controllers\OrdersController.ts">
        <metrics statements="41" coveredstatements="40" conditionals="51" coveredconditionals="33" methods="10" coveredmethods="10"/>
        <line num="43" count="2" type="cond" truecount="1" falsecount="1"/>
        <line num="44" count="2" type="stmt"/>
        <line num="45" count="2" type="cond" truecount="1" falsecount="1"/>
        <line num="46" count="2" type="cond" truecount="1" falsecount="1"/>
        <line num="50" count="2" type="cond" truecount="1" falsecount="1"/>
        <line num="51" count="2" type="cond" truecount="1" falsecount="1"/>
        <line num="55" count="2" type="stmt"/>
        <line num="69" count="11" type="cond" truecount="1" falsecount="0"/>
        <line num="70" count="11" type="cond" truecount="1" falsecount="0"/>
        <line num="74" count="4" type="stmt"/>
        <line num="75" count="4" type="stmt"/>
        <line num="76" count="4" type="stmt"/>
        <line num="77" count="4" type="stmt"/>
        <line num="79" count="4" type="stmt"/>
        <line num="84" count="3" type="cond" truecount="2" falsecount="0"/>
        <line num="85" count="1" type="stmt"/>
        <line num="93" count="2" type="stmt"/>
        <line num="94" count="2" type="cond" truecount="1" falsecount="1"/>
        <line num="95" count="2" type="stmt"/>
        <line num="98" count="2" type="cond" truecount="3" falsecount="0"/>
        <line num="102" count="4" type="cond" truecount="2" falsecount="0"/>
        <line num="104" count="1" type="cond" truecount="1" falsecount="1"/>
        <line num="105" count="1" type="cond" truecount="1" falsecount="1"/>
        <line num="110" count="6" type="stmt"/>
        <line num="112" count="6" type="stmt"/>
        <line num="117" count="5" type="cond" truecount="4" falsecount="0"/>
        <line num="118" count="2" type="stmt"/>
        <line num="122" count="3" type="cond" truecount="2" falsecount="0"/>
        <line num="123" count="2" type="stmt"/>
        <line num="127" count="2" type="cond" truecount="2" falsecount="0"/>
        <line num="128" count="1" type="stmt"/>
        <line num="135" count="1" type="stmt"/>
        <line num="136" count="1" type="stmt"/>
        <line num="137" count="1" type="stmt"/>
        <line num="149" count="1" type="cond" truecount="1" falsecount="1"/>
        <line num="150" count="0" type="stmt"/>
        <line num="157" count="1" type="stmt"/>
        <line num="160" count="1" type="stmt"/>
        <line num="166" count="1" type="cond" truecount="1" falsecount="1"/>
        <line num="167" count="1" type="cond" truecount="1" falsecount="1"/>
        <line num="173" count="1" type="stmt"/>
      </file>
      <file name="PatientsController.ts" path="C:\Users\Farhad Arian\OneDrive - ZLZ Zentrallabor AG\Dokumente\Claude\Projects\OrderEntry\frontend\zetlab\src\infrastructure\api\controllers\PatientsController.ts">
        <metrics statements="43" coveredstatements="43" conditionals="51" coveredconditionals="41" methods="7" coveredmethods="7"/>
        <line num="43" count="7" type="cond" truecount="4" falsecount="0"/>
        <line num="44" count="6" type="stmt"/>
        <line num="45" count="6" type="cond" truecount="2" falsecount="0"/>
        <line num="46" count="5" type="cond" truecount="3" falsecount="3"/>
        <line num="52" count="7" type="cond" truecount="4" falsecount="0"/>
        <line num="53" count="6" type="stmt"/>
        <line num="54" count="6" type="cond" truecount="2" falsecount="0"/>
        <line num="55" count="5" type="stmt"/>
        <line num="68" count="14" type="cond" truecount="1" falsecount="0"/>
        <line num="69" count="14" type="cond" truecount="1" falsecount="0"/>
        <line num="78" count="13" type="stmt"/>
        <line num="80" count="13" type="stmt"/>
        <line num="81" count="13" type="stmt"/>
        <line num="82" count="13" type="stmt"/>
        <line num="84" count="13" type="cond" truecount="2" falsecount="0"/>
        <line num="86" count="13" type="stmt"/>
        <line num="87" count="13" type="cond" truecount="2" falsecount="0"/>
        <line num="88" count="13" type="stmt"/>
        <line num="89" count="13" type="stmt"/>
        <line num="90" count="13" type="stmt"/>
        <line num="91" count="13" type="stmt"/>
        <line num="93" count="13" type="stmt"/>
        <line num="94" count="13" type="cond" truecount="2" falsecount="0"/>
        <line num="95" count="13" type="stmt"/>
        <line num="96" count="13" type="stmt"/>
        <line num="97" count="13" type="stmt"/>
        <line num="99" count="13" type="stmt"/>
        <line num="100" count="13" type="stmt"/>
        <line num="111" count="12" type="cond" truecount="2" falsecount="0"/>
        <line num="112" count="1" type="stmt"/>
        <line num="122" count="11" type="stmt"/>
        <line num="123" count="11" type="cond" truecount="1" falsecount="1"/>
        <line num="124" count="13" type="cond" truecount="2" falsecount="0"/>
        <line num="125" count="11" type="stmt"/>
        <line num="126" count="11" type="cond" truecount="1" falsecount="1"/>
        <line num="129" count="11" type="cond" truecount="1" falsecount="1"/>
        <line num="130" count="8" type="stmt"/>
        <line num="132" count="8" type="cond" truecount="3" falsecount="0"/>
        <line num="134" count="7" type="stmt"/>
        <line num="141" count="13" type="stmt"/>
        <line num="143" count="1" type="cond" truecount="1" falsecount="1"/>
        <line num="144" count="1" type="stmt"/>
        <line num="157" count="1" type="stmt"/>
      </file>
      <file name="ResultsController.ts" path="C:\Users\Farhad Arian\OneDrive - ZLZ Zentrallabor AG\Dokumente\Claude\Projects\OrderEntry\frontend\zetlab\src\infrastructure\api\controllers\ResultsController.ts">
        <metrics statements="48" coveredstatements="48" conditionals="86" coveredconditionals="63" methods="9" coveredmethods="9"/>
        <line num="43" count="4" type="cond" truecount="1" falsecount="1"/>
        <line num="44" count="4" type="cond" truecount="1" falsecount="1"/>
        <line num="48" count="4" type="cond" truecount="2" falsecount="0"/>
        <line num="49" count="4" type="cond" truecount="1" falsecount="1"/>
        <line num="50" count="4" type="cond" truecount="1" falsecount="1"/>
        <line num="51" count="4" type="stmt"/>
        <line num="60" count="4" type="cond" truecount="2" falsecount="2"/>
        <line num="72" count="12" type="cond" truecount="1" falsecount="0"/>
        <line num="73" count="12" type="cond" truecount="1" falsecount="0"/>
        <line num="85" count="11" type="stmt"/>
        <line num="87" count="11" type="stmt"/>
        <line num="88" count="11" type="stmt"/>
        <line num="89" count="11" type="stmt"/>
        <line num="92" count="11" type="stmt"/>
        <line num="93" count="11" type="cond" truecount="1" falsecount="1"/>
        <line num="94" count="11" type="cond" truecount="1" falsecount="1"/>
        <line num="95" count="11" type="cond" truecount="2" falsecount="0"/>
        <line num="96" count="9" type="cond" truecount="2" falsecount="0"/>
        <line num="97" count="11" type="cond" truecount="2" falsecount="0"/>
        <line num="98" count="1" type="stmt"/>
        <line num="99" count="11" type="stmt"/>
        <line num="100" count="11" type="stmt"/>
        <line num="101" count="11" type="stmt"/>
        <line num="104" count="11" type="stmt"/>
        <line num="105" count="11" type="cond" truecount="1" falsecount="1"/>
        <line num="106" count="11" type="cond" truecount="1" falsecount="1"/>
        <line num="107" count="11" type="cond" truecount="2" falsecount="0"/>
        <line num="108" count="9" type="cond" truecount="2" falsecount="0"/>
        <line num="109" count="11" type="cond" truecount="2" falsecount="0"/>
        <line num="110" count="1" type="stmt"/>
        <line num="111" count="11" type="stmt"/>
        <line num="112" count="11" type="stmt"/>
        <line num="114" count="11" type="stmt"/>
        <line num="115" count="11" type="stmt"/>
        <line num="126" count="10" type="cond" truecount="2" falsecount="0"/>
        <line num="127" count="1" type="stmt"/>
        <line num="137" count="9" type="stmt"/>
        <line num="138" count="9" type="cond" truecount="1" falsecount="1"/>
        <line num="139" count="11" type="cond" truecount="2" falsecount="0"/>
        <line num="140" count="9" type="stmt"/>
        <line num="141" count="9" type="cond" truecount="1" falsecount="1"/>
        <line num="144" count="9" type="cond" truecount="1" falsecount="1"/>
        <line num="145" count="5" type="stmt"/>
        <line num="148" count="5" type="cond" truecount="3" falsecount="0"/>
        <line num="152" count="11" type="stmt"/>
        <line num="154" count="1" type="cond" truecount="1" falsecount="1"/>
        <line num="155" count="1" type="stmt"/>
        <line num="168" count="1" type="stmt"/>
      </file>
    </package>
    <package name="infrastructure.api.dto">
      <metrics statements="0" coveredstatements="0" conditionals="0" coveredconditionals="0" methods="0" coveredmethods="0"/>
      <file name="OrderDto.ts" path="C:\Users\Farhad Arian\OneDrive - ZLZ Zentrallabor AG\Dokumente\Claude\Projects\OrderEntry\frontend\zetlab\src\infrastructure\api\dto\OrderDto.ts">
        <metrics statements="0" coveredstatements="0" conditionals="0" coveredconditionals="0" methods="0" coveredmethods="0"/>
      </file>
      <file name="PatientDto.ts" path="C:\Users\Farhad Arian\OneDrive - ZLZ Zentrallabor AG\Dokumente\Claude\Projects\OrderEntry\frontend\zetlab\src\infrastructure\api\dto\PatientDto.ts">
        <metrics statements="0" coveredstatements="0" conditionals="0" coveredconditionals="0" methods="0" coveredmethods="0"/>
      </file>
      <file name="ResultDto.ts" path="C:\Users\Farhad Arian\OneDrive - ZLZ Zentrallabor AG\Dokumente\Claude\Projects\OrderEntry\frontend\zetlab\src\infrastructure\api\dto\ResultDto.ts">
        <metrics statements="0" coveredstatements="0" conditionals="0" coveredconditionals="0" methods="0" coveredmethods="0"/>
      </file>
    </package>
    <package name="infrastructure.fhir">
      <metrics statements="18" coveredstatements="10" conditionals="64" coveredconditionals="39" methods="8" coveredmethods="6"/>
      <file name="DiagnosticReportMapper.ts" path="C:\Users\Farhad Arian\OneDrive - ZLZ Zentrallabor AG\Dokumente\Claude\Projects\OrderEntry\frontend\zetlab\src\infrastructure\fhir\DiagnosticReportMapper.ts">
        <metrics statements="9" coveredstatements="9" conditionals="44" coveredconditionals="39" methods="6" coveredmethods="6"/>
        <line num="24" count="1" type="stmt"/>
        <line num="30" count="14" type="cond" truecount="3" falsecount="1"/>
        <line num="34" count="14" type="cond" truecount="2" falsecount="0"/>
        <line num="35" count="14" type="cond" truecount="2" falsecount="0"/>
        <line num="43" count="14" type="cond" truecount="2" falsecount="0"/>
        <line num="44" count="14" type="cond" truecount="1" falsecount="1"/>
        <line num="45" count="14" type="cond" truecount="1" falsecount="1"/>
        <line num="47" count="14" type="stmt"/>
        <line num="60" count="2" type="cond" truecount="1" falsecount="1"/>
      </file>
      <file name="FhirClient.ts" path="C:\Users\Farhad Arian\OneDrive - ZLZ Zentrallabor AG\Dokumente\Claude\Projects\OrderEntry\frontend\zetlab\src\infrastructure\fhir\FhirClient.ts">
        <metrics statements="8" coveredstatements="1" conditionals="10" coveredconditionals="0" methods="1" coveredmethods="0"/>
        <line num="11" count="3" type="stmt"/>
        <line num="17" count="0" type="cond" truecount="0" falsecount="2"/>
        <line num="18" count="0" type="cond" truecount="0" falsecount="2"/>
        <line num="19" count="0" type="stmt"/>
        <line num="20" count="0" type="cond" truecount="0" falsecount="4"/>
        <line num="23" count="0" type="stmt"/>
        <line num="27" count="0" type="cond" truecount="0" falsecount="2"/>
        <line num="28" count="0" type="stmt"/>
      </file>
      <file name="ObservationMapper.ts" path="C:\Users\Farhad Arian\OneDrive - ZLZ Zentrallabor AG\Dokumente\Claude\Projects\OrderEntry\frontend\zetlab\src\infrastructure\fhir\ObservationMapper.ts">
        <metrics statements="1" coveredstatements="0" conditionals="10" coveredconditionals="0" methods="1" coveredmethods="0"/>
        <line num="19" count="0" type="stmt"/>
      </file>
    </package>
    <package name="infrastructure.repositories">
      <metrics statements="22" coveredstatements="0" conditionals="24" coveredconditionals="0" methods="6" coveredmethods="0"/>
      <file name="FhirOrderRepository.ts" path="C:\Users\Farhad Arian\OneDrive - ZLZ Zentrallabor AG\Dokumente\Claude\Projects\OrderEntry\frontend\zetlab\src\infrastructure\repositories\FhirOrderRepository.ts">
        <metrics statements="13" coveredstatements="0" conditionals="16" coveredconditionals="0" methods="4" coveredmethods="0"/>
        <line num="25" count="0" type="stmt"/>
        <line num="28" count="0" type="stmt"/>
        <line num="34" count="0" type="stmt"/>
        <line num="35" count="0" type="cond" truecount="0" falsecount="2"/>
        <line num="36" count="0" type="cond" truecount="0" falsecount="2"/>
        <line num="37" count="0" type="stmt"/>
        <line num="46" count="0" type="stmt"/>
        <line num="47" count="0" type="stmt"/>
        <line num="50" count="0" type="cond" truecount="0" falsecount="2"/>
        <line num="52" count="0" type="stmt"/>
        <line num="57" count="0" type="stmt"/>
        <line num="61" count="0" type="stmt"/>
        <line num="65" count="0" type="stmt"/>
      </file>
      <file name="FhirResultRepository.ts" path="C:\Users\Farhad Arian\OneDrive - ZLZ Zentrallabor AG\Dokumente\Claude\Projects\OrderEntry\frontend\zetlab\src\infrastructure\repositories\FhirResultRepository.ts">
        <metrics statements="9" coveredstatements="0" conditionals="8" coveredconditionals="0" methods="2" coveredmethods="0"/>
        <line num="25" count="0" type="stmt"/>
        <line num="28" count="0" type="stmt"/>
        <line num="38" count="0" type="stmt"/>
        <line num="42" count="0" type="cond" truecount="0" falsecount="2"/>
        <line num="43" count="0" type="stmt"/>
        <line num="47" count="0" type="stmt"/>
        <line num="48" count="0" type="stmt"/>
        <line num="51" count="0" type="cond" truecount="0" falsecount="2"/>
        <line num="53" count="0" type="stmt"/>
      </file>
    </package>
  </project>
</coverage>
