{"C:\\Users\\Farhad Arian\\OneDrive - ZLZ Zentrallabor AG\\Dokumente\\Claude\\Projects\\OrderEntry\\frontend\\zetlab\\src\\application\\interfaces\\repositories\\IOrderRepository.ts": {"path":"C:\\Users\\Farhad Arian\\OneDrive - ZLZ Zentrallabor AG\\Dokumente\\Claude\\Projects\\OrderEntry\\frontend\\zetlab\\src\\application\\interfaces\\repositories\\IOrderRepository.ts","statementMap":{},"fnMap":{},"branchMap":{},"s":{},"f":{},"b":{},"meta":{"lastBranch":0,"lastFunction":0,"lastStatement":0,"seen":{}}}
,"C:\\Users\\Farhad Arian\\OneDrive - ZLZ Zentrallabor AG\\Dokumente\\Claude\\Projects\\OrderEntry\\frontend\\zetlab\\src\\application\\interfaces\\repositories\\IResultRepository.ts": {"path":"C:\\Users\\Farhad Arian\\OneDrive - ZLZ Zentrallabor AG\\Dokumente\\Claude\\Projects\\OrderEntry\\frontend\\zetlab\\src\\application\\interfaces\\repositories\\IResultRepository.ts","statementMap":{},"fnMap":{},"branchMap":{},"s":{},"f":{},"b":{},"meta":{"lastBranch":0,"lastFunction":0,"lastStatement":0,"seen":{}}}
,"C:\\Users\\Farhad Arian\\OneDrive - ZLZ Zentrallabor AG\\Dokumente\\Claude\\Projects\\OrderEntry\\frontend\\zetlab\\src\\application\\services\\OrderService.ts": {"path":"C:\\Users\\Farhad Arian\\OneDrive - ZLZ Zentrallabor AG\\Dokumente\\Claude\\Projects\\OrderEntry\\frontend\\zetlab\\src\\application\\services\\OrderService.ts","statementMap":{"0":{"start":{"line":18,"column":4},"end":{"line":18,"column":null}},"1":{"start":{"line":19,"column":4},"end":{"line":19,"column":null}},"2":{"start":{"line":23,"column":4},"end":{"line":23,"column":null}},"3":{"start":{"line":27,"column":4},"end":{"line":27,"column":null}}},"fnMap":{"0":{"name":"(anonymous_0)","decl":{"start":{"line":17,"column":2},"end":{"line":17,"column":14}},"loc":{"start":{"line":17,"column":38},"end":{"line":19,"column":null}},"line":17},"1":{"name":"(anonymous_1)","decl":{"start":{"line":22,"column":2},"end":{"line":22,"column":7}},"loc":{"start":{"line":22,"column":59},"end":{"line":23,"column":null}},"line":22},"2":{"name":"(anonymous_2)","decl":{"start":{"line":26,"column":2},"end":{"line":26,"column":9}},"loc":{"start":{"line":26,"column":52},"end":{"line":27,"column":null}},"line":26}},"branchMap":{"0":{"loc":{"start":{"line":22,"column":7},"end":{"line":22,"column":35}},"type":"default-arg","locations":[{"start":{"line":22,"column":33},"end":{"line":22,"column":35}}],"line":22}},"s":{"0":0,"1":0,"2":0,"3":0},"f":{"0":0,"1":0,"2":0},"b":{"0":[0]},"meta":{"lastBranch":1,"lastFunction":3,"lastStatement":4,"seen":{"f:17:2:17:14":0,"s:18:4:18:Infinity":0,"s:19:4:19:Infinity":1,"f:22:2:22:7":1,"b:22:33:22:35":0,"s:23:4:23:Infinity":2,"f:26:2:26:9":2,"s:27:4:27:Infinity":3}}}
,"C:\\Users\\Farhad Arian\\OneDrive - ZLZ Zentrallabor AG\\Dokumente\\Claude\\Projects\\OrderEntry\\frontend\\zetlab\\src\\application\\services\\ResultService.ts": {"path":"C:\\Users\\Farhad Arian\\OneDrive - ZLZ Zentrallabor AG\\Dokumente\\Claude\\Projects\\OrderEntry\\frontend\\zetlab\\src\\application\\services\\ResultService.ts","statementMap":{"0":{"start":{"line":18,"column":4},"end":{"line":18,"column":null}},"1":{"start":{"line":19,"column":4},"end":{"line":19,"column":null}},"2":{"start":{"line":24,"column":4},"end":{"line":24,"column":null}},"3":{"start":{"line":29,"column":4},"end":{"line":29,"column":null}}},"fnMap":{"0":{"name":"(anonymous_0)","decl":{"start":{"line":17,"column":2},"end":{"line":17,"column":14}},"loc":{"start":{"line":17,"column":39},"end":{"line":19,"column":null}},"line":17},"1":{"name":"(anonymous_1)","decl":{"start":{"line":23,"column":2},"end":{"line":23,"column":7}},"loc":{"start":{"line":23,"column":61},"end":{"line":24,"column":null}},"line":23},"2":{"name":"(anonymous_2)","decl":{"start":{"line":28,"column":2},"end":{"line":28,"column":9}},"loc":{"start":{"line":28,"column":58},"end":{"line":29,"column":null}},"line":28}},"branchMap":{"0":{"loc":{"start":{"line":23,"column":7},"end":{"line":23,"column":36}},"type":"default-arg","locations":[{"start":{"line":23,"column":34},"end":{"line":23,"column":36}}],"line":23}},"s":{"0":0,"1":0,"2":0,"3":0},"f":{"0":0,"1":0,"2":0},"b":{"0":[0]},"meta":{"lastBranch":1,"lastFunction":3,"lastStatement":4,"seen":{"f:17:2:17:14":0,"s:18:4:18:Infinity":0,"s:19:4:19:Infinity":1,"f:23:2:23:7":1,"b:23:34:23:36":0,"s:24:4:24:Infinity":2,"f:28:2:28:9":2,"s:29:4:29:Infinity":3}}}
,"C:\\Users\\Farhad Arian\\OneDrive - ZLZ Zentrallabor AG\\Dokumente\\Claude\\Projects\\OrderEntry\\frontend\\zetlab\\src\\application\\strategies\\PatientSearchStrategy.ts": {"path":"C:\\Users\\Farhad Arian\\OneDrive - ZLZ Zentrallabor AG\\Dokumente\\Claude\\Projects\\OrderEntry\\frontend\\zetlab\\src\\application\\strategies\\PatientSearchStrategy.ts","statementMap":{"0":{"start":{"line":36,"column":39},"end":{"line":36,"column":null}},"1":{"start":{"line":37,"column":41},"end":{"line":37,"column":null}},"2":{"start":{"line":40,"column":20},"end":{"line":40,"column":32}},"3":{"start":{"line":41,"column":4},"end":{"line":43,"column":null}},"4":{"start":{"line":48,"column":4},"end":{"line":48,"column":null}},"5":{"start":{"line":57,"column":4},"end":{"line":57,"column":null}},"6":{"start":{"line":61,"column":4},"end":{"line":61,"column":null}},"7":{"start":{"line":76,"column":4},"end":{"line":79,"column":null}},"8":{"start":{"line":83,"column":4},"end":{"line":84,"column":null}},"9":{"start":{"line":84,"column":34},"end":{"line":84,"column":50}},"10":{"start":{"line":92,"column":4},"end":{"line":92,"column":null}},"11":{"start":{"line":98,"column":37},"end":{"line":98,"column":72}}},"fnMap":{"0":{"name":"(anonymous_0)","decl":{"start":{"line":39,"column":2},"end":{"line":39,"column":10}},"loc":{"start":{"line":39,"column":34},"end":{"line":43,"column":null}},"line":39},"1":{"name":"(anonymous_1)","decl":{"start":{"line":47,"column":2},"end":{"line":47,"column":14}},"loc":{"start":{"line":47,"column":50},"end":{"line":48,"column":null}},"line":47},"2":{"name":"(anonymous_2)","decl":{"start":{"line":56,"column":2},"end":{"line":56,"column":10}},"loc":{"start":{"line":56,"column":35},"end":{"line":57,"column":null}},"line":56},"3":{"name":"(anonymous_3)","decl":{"start":{"line":60,"column":2},"end":{"line":60,"column":14}},"loc":{"start":{"line":60,"column":50},"end":{"line":61,"column":null}},"line":60},"4":{"name":"(anonymous_4)","decl":{"start":{"line":74,"column":2},"end":{"line":74,"column":14}},"loc":{"start":{"line":74,"column":53},"end":{"line":79,"column":null}},"line":74},"5":{"name":"(anonymous_5)","decl":{"start":{"line":82,"column":2},"end":{"line":82,"column":9}},"loc":{"start":{"line":82,"column":48},"end":{"line":84,"column":null}},"line":82},"6":{"name":"(anonymous_6)","decl":{"start":{"line":84,"column":22},"end":{"line":84,"column":28}},"loc":{"start":{"line":84,"column":34},"end":{"line":84,"column":50}},"line":84},"7":{"name":"(anonymous_7)","decl":{"start":{"line":91,"column":2},"end":{"line":91,"column":10}},"loc":{"start":{"line":91,"column":46},"end":{"line":92,"column":null}},"line":91}},"branchMap":{"0":{"loc":{"start":{"line":42,"column":6},"end":{"line":43,"column":50}},"type":"binary-expr","locations":[{"start":{"line":42,"column":6},"end":{"line":42,"column":48}},{"start":{"line":43,"column":6},"end":{"line":43,"column":50}}],"line":42},"1":{"loc":{"start":{"line":61,"column":26},"end":{"line":61,"column":53}},"type":"binary-expr","locations":[{"start":{"line":61,"column":26},"end":{"line":61,"column":38}},{"start":{"line":61,"column":42},"end":{"line":61,"column":53}}],"line":61},"2":{"loc":{"start":{"line":76,"column":22},"end":{"line":78,"column":null}},"type":"binary-expr","locations":[{"start":{"line":76,"column":22},"end":{"line":76,"column":36}},{"start":{"line":76,"column":36},"end":{"line":78,"column":null}}],"line":76},"3":{"loc":{"start":{"line":84,"column":6},"end":{"line":84,"column":80}},"type":"binary-expr","locations":[{"start":{"line":84,"column":6},"end":{"line":84,"column":51}},{"start":{"line":84,"column":55},"end":{"line":84,"column":80}}],"line":84}},"s":{"0":1,"1":1,"2":12,"3":12,"4":4,"5":5,"6":4,"7":2,"8":6,"9":9,"10":4,"11":1},"f":{"0":12,"1":4,"2":5,"3":4,"4":2,"5":6,"6":9,"7":4},"b":{"0":[12,8],"1":[4,2],"2":[2,2],"3":[6,0]},"meta":{"lastBranch":4,"lastFunction":8,"lastStatement":12,"seen":{"s:36:39:36:Infinity":0,"s:37:41:37:Infinity":1,"f:39:2:39:10":0,"s:40:20:40:32":2,"s:41:4:43:Infinity":3,"b:42:6:42:48:43:6:43:50":0,"f:47:2:47:14":1,"s:48:4:48:Infinity":4,"f:56:2:56:10":2,"s:57:4:57:Infinity":5,"f:60:2:60:14":3,"s:61:4:61:Infinity":6,"b:61:26:61:38:61:42:61:53":1,"f:74:2:74:14":4,"s:76:4:79:Infinity":7,"b:76:22:76:36:76:36:78:Infinity":2,"f:82:2:82:9":5,"s:83:4:84:Infinity":8,"b:84:6:84:51:84:55:84:80":3,"f:84:22:84:28":6,"s:84:34:84:50":9,"f:91:2:91:10":7,"s:92:4:92:Infinity":10,"s:98:37:98:72":11}}}
,"C:\\Users\\Farhad Arian\\OneDrive - ZLZ Zentrallabor AG\\Dokumente\\Claude\\Projects\\OrderEntry\\frontend\\zetlab\\src\\domain\\entities\\Analysis.ts": {"path":"C:\\Users\\Farhad Arian\\OneDrive - ZLZ Zentrallabor AG\\Dokumente\\Claude\\Projects\\OrderEntry\\frontend\\zetlab\\src\\domain\\entities\\Analysis.ts","statementMap":{},"fnMap":{},"branchMap":{},"s":{},"f":{},"b":{},"meta":{"lastBranch":0,"lastFunction":0,"lastStatement":0,"seen":{}}}
,"C:\\Users\\Farhad Arian\\OneDrive - ZLZ Zentrallabor AG\\Dokumente\\Claude\\Projects\\OrderEntry\\frontend\\zetlab\\src\\domain\\entities\\Order.ts": {"path":"C:\\Users\\Farhad Arian\\OneDrive - ZLZ Zentrallabor AG\\Dokumente\\Claude\\Projects\\OrderEntry\\frontend\\zetlab\\src\\domain\\entities\\Order.ts","statementMap":{},"fnMap":{},"branchMap":{},"s":{},"f":{},"b":{},"meta":{"lastBranch":0,"lastFunction":0,"lastStatement":0,"seen":{}}}
,"C:\\Users\\Farhad Arian\\OneDrive - ZLZ Zentrallabor AG\\Dokumente\\Claude\\Projects\\OrderEntry\\frontend\\zetlab\\src\\domain\\entities\\Patient.ts": {"path":"C:\\Users\\Farhad Arian\\OneDrive - ZLZ Zentrallabor AG\\Dokumente\\Claude\\Projects\\OrderEntry\\frontend\\zetlab\\src\\domain\\entities\\Patient.ts","statementMap":{},"fnMap":{},"branchMap":{},"s":{},"f":{},"b":{},"meta":{"lastBranch":0,"lastFunction":0,"lastStatement":0,"seen":{}}}
,"C:\\Users\\Farhad Arian\\OneDrive - ZLZ Zentrallabor AG\\Dokumente\\Claude\\Projects\\OrderEntry\\frontend\\zetlab\\src\\domain\\entities\\Result.ts": {"path":"C:\\Users\\Farhad Arian\\OneDrive - ZLZ Zentrallabor AG\\Dokumente\\Claude\\Projects\\OrderEntry\\frontend\\zetlab\\src\\domain\\entities\\Result.ts","statementMap":{},"fnMap":{},"branchMap":{},"s":{},"f":{},"b":{},"meta":{"lastBranch":0,"lastFunction":0,"lastStatement":0,"seen":{}}}
,"C:\\Users\\Farhad Arian\\OneDrive - ZLZ Zentrallabor AG\\Dokumente\\Claude\\Projects\\OrderEntry\\frontend\\zetlab\\src\\domain\\factories\\OrderFactory.ts": {"path":"C:\\Users\\Farhad Arian\\OneDrive - ZLZ Zentrallabor AG\\Dokumente\\Claude\\Projects\\OrderEntry\\frontend\\zetlab\\src\\domain\\factories\\OrderFactory.ts","statementMap":{"0":{"start":{"line":3,"column":47},"end":{"line":10,"column":null}},"1":{"start":{"line":23,"column":4},"end":{"line":32,"column":null}},"2":{"start":{"line":40,"column":4},"end":{"line":40,"column":null}},"3":{"start":{"line":46,"column":4},"end":{"line":48,"column":null}}},"fnMap":{"0":{"name":"(anonymous_0)","decl":{"start":{"line":22,"column":9},"end":{"line":22,"column":16}},"loc":{"start":{"line":22,"column":45},"end":{"line":32,"column":null}},"line":22},"1":{"name":"(anonymous_1)","decl":{"start":{"line":39,"column":9},"end":{"line":39,"column":21}},"loc":{"start":{"line":39,"column":47},"end":{"line":40,"column":null}},"line":39},"2":{"name":"(anonymous_2)","decl":{"start":{"line":45,"column":17},"end":{"line":45,"column":26}},"loc":{"start":{"line":45,"column":53},"end":{"line":48,"column":null}},"line":45}},"branchMap":{"0":{"loc":{"start":{"line":24,"column":10},"end":{"line":24,"column":null}},"type":"binary-expr","locations":[{"start":{"line":24,"column":10},"end":{"line":24,"column":21}},{"start":{"line":24,"column":21},"end":{"line":24,"column":null}}],"line":24},"1":{"loc":{"start":{"line":25,"column":19},"end":{"line":25,"column":null}},"type":"binary-expr","locations":[{"start":{"line":25,"column":19},"end":{"line":25,"column":39}},{"start":{"line":25,"column":39},"end":{"line":25,"column":null}}],"line":25},"2":{"loc":{"start":{"line":27,"column":14},"end":{"line":27,"column":null}},"type":"binary-expr","locations":[{"start":{"line":27,"column":14},"end":{"line":27,"column":29}},{"start":{"line":27,"column":29},"end":{"line":27,"column":null}}],"line":27},"3":{"loc":{"start":{"line":28,"column":17},"end":{"line":28,"column":null}},"type":"binary-expr","locations":[{"start":{"line":28,"column":17},"end":{"line":28,"column":35}},{"start":{"line":28,"column":35},"end":{"line":28,"column":null}}],"line":28},"4":{"loc":{"start":{"line":29,"column":18},"end":{"line":29,"column":null}},"type":"binary-expr","locations":[{"start":{"line":29,"column":18},"end":{"line":29,"column":37}},{"start":{"line":29,"column":37},"end":{"line":29,"column":null}}],"line":29},"5":{"loc":{"start":{"line":30,"column":16},"end":{"line":30,"column":null}},"type":"binary-expr","locations":[{"start":{"line":30,"column":16},"end":{"line":30,"column":33}},{"start":{"line":30,"column":33},"end":{"line":30,"column":null}}],"line":30},"6":{"loc":{"start":{"line":31,"column":21},"end":{"line":31,"column":null}},"type":"cond-expr","locations":[{"start":{"line":31,"column":62},"end":{"line":31,"column":83}},{"start":{"line":31,"column":83},"end":{"line":31,"column":null}}],"line":31},"7":{"loc":{"start":{"line":46,"column":12},"end":{"line":48,"column":null}},"type":"cond-expr","locations":[{"start":{"line":47,"column":9},"end":{"line":47,"column":null}},{"start":{"line":48,"column":8},"end":{"line":48,"column":null}}],"line":46},"8":{"loc":{"start":{"line":46,"column":65},"end":{"line":46,"column":75}},"type":"binary-expr","locations":[{"start":{"line":46,"column":65},"end":{"line":46,"column":72}},{"start":{"line":46,"column":72},"end":{"line":46,"column":75}}],"line":46}},"s":{"0":1,"1":18,"2":0,"3":18},"f":{"0":1,"1":1,"2":1},"b":{"0":[18,0],"1":[18,2],"2":[18,18],"3":[18,0],"4":[18,18],"5":[18,18],"6":[0,18],"7":[17,1],"8":[18,1]},"meta":{"lastBranch":9,"lastFunction":3,"lastStatement":4,"seen":{"s:3:47:10:Infinity":0,"f:22:9:22:16":0,"s:23:4:32:Infinity":1,"b:24:10:24:21:24:21:24:Infinity":0,"b:25:19:25:39:25:39:25:Infinity":1,"b:27:14:27:29:27:29:27:Infinity":2,"b:28:17:28:35:28:35:28:Infinity":3,"b:29:18:29:37:29:37:29:Infinity":4,"b:30:16:30:33:30:33:30:Infinity":5,"b:31:62:31:83:31:83:31:Infinity":6,"f:39:9:39:21":1,"s:40:4:40:Infinity":2,"f:45:17:45:26":2,"s:46:4:48:Infinity":3,"b:47:9:47:Infinity:48:8:48:Infinity":7,"b:46:65:46:72:46:72:46:75":8}}}
,"C:\\Users\\Farhad Arian\\OneDrive - ZLZ Zentrallabor AG\\Dokumente\\Claude\\Projects\\OrderEntry\\frontend\\zetlab\\src\\domain\\factories\\ResultFactory.ts": {"path":"C:\\Users\\Farhad Arian\\OneDrive - ZLZ Zentrallabor AG\\Dokumente\\Claude\\Projects\\OrderEntry\\frontend\\zetlab\\src\\domain\\factories\\ResultFactory.ts","statementMap":{"0":{"start":{"line":3,"column":48},"end":{"line":11,"column":null}},"1":{"start":{"line":27,"column":4},"end":{"line":42,"column":null}},"2":{"start":{"line":50,"column":4},"end":{"line":50,"column":null}},"3":{"start":{"line":56,"column":4},"end":{"line":58,"column":null}}},"fnMap":{"0":{"name":"(anonymous_0)","decl":{"start":{"line":26,"column":9},"end":{"line":26,"column":16}},"loc":{"start":{"line":26,"column":47},"end":{"line":42,"column":null}},"line":26},"1":{"name":"(anonymous_1)","decl":{"start":{"line":49,"column":9},"end":{"line":49,"column":21}},"loc":{"start":{"line":49,"column":62},"end":{"line":50,"column":null}},"line":49},"2":{"name":"(anonymous_2)","decl":{"start":{"line":55,"column":17},"end":{"line":55,"column":26}},"loc":{"start":{"line":55,"column":54},"end":{"line":58,"column":null}},"line":55}},"branchMap":{"0":{"loc":{"start":{"line":28,"column":10},"end":{"line":28,"column":null}},"type":"binary-expr","locations":[{"start":{"line":28,"column":10},"end":{"line":28,"column":21}},{"start":{"line":28,"column":21},"end":{"line":28,"column":null}}],"line":28},"1":{"loc":{"start":{"line":30,"column":16},"end":{"line":30,"column":null}},"type":"binary-expr","locations":[{"start":{"line":30,"column":16},"end":{"line":30,"column":33}},{"start":{"line":30,"column":33},"end":{"line":30,"column":null}}],"line":30},"2":{"loc":{"start":{"line":31,"column":16},"end":{"line":31,"column":null}},"type":"binary-expr","locations":[{"start":{"line":31,"column":16},"end":{"line":31,"column":33}},{"start":{"line":31,"column":33},"end":{"line":31,"column":null}}],"line":31},"3":{"loc":{"start":{"line":32,"column":21},"end":{"line":32,"column":null}},"type":"binary-expr","locations":[{"start":{"line":32,"column":21},"end":{"line":32,"column":43}},{"start":{"line":32,"column":43},"end":{"line":32,"column":null}}],"line":32},"4":{"loc":{"start":{"line":33,"column":19},"end":{"line":33,"column":null}},"type":"cond-expr","locations":[{"start":{"line":33,"column":58},"end":{"line":33,"column":77}},{"start":{"line":33,"column":77},"end":{"line":33,"column":null}}],"line":33},"5":{"loc":{"start":{"line":34,"column":18},"end":{"line":34,"column":null}},"type":"binary-expr","locations":[{"start":{"line":34,"column":18},"end":{"line":34,"column":37}},{"start":{"line":34,"column":37},"end":{"line":34,"column":null}}],"line":34},"6":{"loc":{"start":{"line":35,"column":15},"end":{"line":35,"column":62}},"type":"cond-expr","locations":[{"start":{"line":35,"column":45},"end":{"line":35,"column":60}},{"start":{"line":35,"column":60},"end":{"line":35,"column":62}}],"line":35},"7":{"loc":{"start":{"line":36,"column":17},"end":{"line":36,"column":null}},"type":"binary-expr","locations":[{"start":{"line":36,"column":17},"end":{"line":36,"column":35}},{"start":{"line":36,"column":35},"end":{"line":36,"column":null}}],"line":36},"8":{"loc":{"start":{"line":37,"column":22},"end":{"line":37,"column":null}},"type":"binary-expr","locations":[{"start":{"line":37,"column":22},"end":{"line":37,"column":45}},{"start":{"line":37,"column":45},"end":{"line":37,"column":null}}],"line":37},"9":{"loc":{"start":{"line":38,"column":15},"end":{"line":38,"column":null}},"type":"binary-expr","locations":[{"start":{"line":38,"column":15},"end":{"line":38,"column":31}},{"start":{"line":38,"column":31},"end":{"line":38,"column":null}}],"line":38},"10":{"loc":{"start":{"line":39,"column":16},"end":{"line":39,"column":null}},"type":"binary-expr","locations":[{"start":{"line":39,"column":16},"end":{"line":39,"column":33}},{"start":{"line":39,"column":33},"end":{"line":39,"column":null}}],"line":39},"11":{"loc":{"start":{"line":40,"column":15},"end":{"line":40,"column":null}},"type":"binary-expr","locations":[{"start":{"line":40,"column":15},"end":{"line":40,"column":31}},{"start":{"line":40,"column":31},"end":{"line":40,"column":null}}],"line":40},"12":{"loc":{"start":{"line":41,"column":16},"end":{"line":41,"column":null}},"type":"binary-expr","locations":[{"start":{"line":41,"column":16},"end":{"line":41,"column":33}},{"start":{"line":41,"column":33},"end":{"line":41,"column":null}}],"line":41},"13":{"loc":{"start":{"line":49,"column":21},"end":{"line":49,"column":52}},"type":"default-arg","locations":[{"start":{"line":49,"column":50},"end":{"line":49,"column":52}}],"line":49},"14":{"loc":{"start":{"line":56,"column":12},"end":{"line":58,"column":null}},"type":"cond-expr","locations":[{"start":{"line":57,"column":9},"end":{"line":57,"column":null}},{"start":{"line":58,"column":8},"end":{"line":58,"column":null}}],"line":56},"15":{"loc":{"start":{"line":56,"column":65},"end":{"line":56,"column":75}},"type":"binary-expr","locations":[{"start":{"line":56,"column":65},"end":{"line":56,"column":72}},{"start":{"line":56,"column":72},"end":{"line":56,"column":75}}],"line":56}},"s":{"0":3,"1":72,"2":2,"3":72},"f":{"0":3,"1":3,"2":3},"b":{"0":[72,13],"1":[72,14],"2":[72,71],"3":[72,72],"4":[1,71],"5":[72,72],"6":[1,71],"7":[72,14],"8":[72,14],"9":[72,71],"10":[72,71],"11":[72,72],"12":[72,72],"13":[2],"14":[66,6],"15":[72,5]},"meta":{"lastBranch":16,"lastFunction":3,"lastStatement":4,"seen":{"s:3:48:11:Infinity":0,"f:26:9:26:16":0,"s:27:4:42:Infinity":1,"b:28:10:28:21:28:21:28:Infinity":0,"b:30:16:30:33:30:33:30:Infinity":1,"b:31:16:31:33:31:33:31:Infinity":2,"b:32:21:32:43:32:43:32:Infinity":3,"b:33:58:33:77:33:77:33:Infinity":4,"b:34:18:34:37:34:37:34:Infinity":5,"b:35:45:35:60:35:60:35:62":6,"b:36:17:36:35:36:35:36:Infinity":7,"b:37:22:37:45:37:45:37:Infinity":8,"b:38:15:38:31:38:31:38:Infinity":9,"b:39:16:39:33:39:33:39:Infinity":10,"b:40:15:40:31:40:31:40:Infinity":11,"b:41:16:41:33:41:33:41:Infinity":12,"f:49:9:49:21":1,"b:49:50:49:52":13,"s:50:4:50:Infinity":2,"f:55:17:55:26":2,"s:56:4:58:Infinity":3,"b:57:9:57:Infinity:58:8:58:Infinity":14,"b:56:65:56:72:56:72:56:75":15}}}
,"C:\\Users\\Farhad Arian\\OneDrive - ZLZ Zentrallabor AG\\Dokumente\\Claude\\Projects\\OrderEntry\\frontend\\zetlab\\src\\domain\\useCases\\CreateOrder.ts": {"path":"C:\\Users\\Farhad Arian\\OneDrive - ZLZ Zentrallabor AG\\Dokumente\\Claude\\Projects\\OrderEntry\\frontend\\zetlab\\src\\domain\\useCases\\CreateOrder.ts","statementMap":{"0":{"start":{"line":8,"column":31},"end":{"line":8,"column":55}},"1":{"start":{"line":11,"column":4},"end":{"line":11,"column":null}}},"fnMap":{"0":{"name":"(anonymous_0)","decl":{"start":{"line":8,"column":2},"end":{"line":8,"column":14}},"loc":{"start":{"line":8,"column":55},"end":{"line":8,"column":55}},"line":8},"1":{"name":"(anonymous_1)","decl":{"start":{"line":10,"column":8},"end":{"line":10,"column":16}},"loc":{"start":{"line":10,"column":59},"end":{"line":11,"column":null}},"line":10}},"branchMap":{},"s":{"0":2,"1":2},"f":{"0":2,"1":2},"b":{},"meta":{"lastBranch":0,"lastFunction":2,"lastStatement":2,"seen":{"f:8:2:8:14":0,"s:8:31:8:55":0,"f:10:8:10:16":1,"s:11:4:11:Infinity":1}}}
,"C:\\Users\\Farhad Arian\\OneDrive - ZLZ Zentrallabor AG\\Dokumente\\Claude\\Projects\\OrderEntry\\frontend\\zetlab\\src\\domain\\useCases\\GetOrders.ts": {"path":"C:\\Users\\Farhad Arian\\OneDrive - ZLZ Zentrallabor AG\\Dokumente\\Claude\\Projects\\OrderEntry\\frontend\\zetlab\\src\\domain\\useCases\\GetOrders.ts","statementMap":{"0":{"start":{"line":11,"column":31},"end":{"line":11,"column":55}},"1":{"start":{"line":14,"column":4},"end":{"line":14,"column":null}}},"fnMap":{"0":{"name":"(anonymous_0)","decl":{"start":{"line":11,"column":2},"end":{"line":11,"column":14}},"loc":{"start":{"line":11,"column":55},"end":{"line":11,"column":55}},"line":11},"1":{"name":"(anonymous_1)","decl":{"start":{"line":13,"column":8},"end":{"line":13,"column":16}},"loc":{"start":{"line":13,"column":68},"end":{"line":14,"column":null}},"line":13}},"branchMap":{"0":{"loc":{"start":{"line":13,"column":16},"end":{"line":13,"column":44}},"type":"default-arg","locations":[{"start":{"line":13,"column":42},"end":{"line":13,"column":44}}],"line":13}},"s":{"0":4,"1":5},"f":{"0":4,"1":5},"b":{"0":[5]},"meta":{"lastBranch":1,"lastFunction":2,"lastStatement":2,"seen":{"f:11:2:11:14":0,"s:11:31:11:55":0,"f:13:8:13:16":1,"b:13:42:13:44":0,"s:14:4:14:Infinity":1}}}
,"C:\\Users\\Farhad Arian\\OneDrive - ZLZ Zentrallabor AG\\Dokumente\\Claude\\Projects\\OrderEntry\\frontend\\zetlab\\src\\domain\\useCases\\GetResults.ts": {"path":"C:\\Users\\Farhad Arian\\OneDrive - ZLZ Zentrallabor AG\\Dokumente\\Claude\\Projects\\OrderEntry\\frontend\\zetlab\\src\\domain\\useCases\\GetResults.ts","statementMap":{"0":{"start":{"line":12,"column":31},"end":{"line":12,"column":56}},"1":{"start":{"line":15,"column":4},"end":{"line":15,"column":null}}},"fnMap":{"0":{"name":"(anonymous_0)","decl":{"start":{"line":12,"column":2},"end":{"line":12,"column":14}},"loc":{"start":{"line":12,"column":56},"end":{"line":12,"column":56}},"line":12},"1":{"name":"(anonymous_1)","decl":{"start":{"line":14,"column":8},"end":{"line":14,"column":16}},"loc":{"start":{"line":14,"column":70},"end":{"line":15,"column":null}},"line":14}},"branchMap":{"0":{"loc":{"start":{"line":14,"column":16},"end":{"line":14,"column":45}},"type":"default-arg","locations":[{"start":{"line":14,"column":43},"end":{"line":14,"column":45}}],"line":14}},"s":{"0":6,"1":8},"f":{"0":6,"1":8},"b":{"0":[8]},"meta":{"lastBranch":1,"lastFunction":2,"lastStatement":2,"seen":{"f:12:2:12:14":0,"s:12:31:12:56":0,"f:14:8:14:16":1,"b:14:43:14:45":0,"s:15:4:15:Infinity":1}}}
,"C:\\Users\\Farhad Arian\\OneDrive - ZLZ Zentrallabor AG\\Dokumente\\Claude\\Projects\\OrderEntry\\frontend\\zetlab\\src\\domain\\useCases\\SearchResults.ts": {"path":"C:\\Users\\Farhad Arian\\OneDrive - ZLZ Zentrallabor AG\\Dokumente\\Claude\\Projects\\OrderEntry\\frontend\\zetlab\\src\\domain\\useCases\\SearchResults.ts","statementMap":{"0":{"start":{"line":12,"column":31},"end":{"line":12,"column":56}},"1":{"start":{"line":15,"column":42},"end":{"line":23,"column":null}},"2":{"start":{"line":24,"column":4},"end":{"line":24,"column":null}}},"fnMap":{"0":{"name":"(anonymous_0)","decl":{"start":{"line":12,"column":2},"end":{"line":12,"column":14}},"loc":{"start":{"line":12,"column":56},"end":{"line":12,"column":56}},"line":12},"1":{"name":"(anonymous_1)","decl":{"start":{"line":14,"column":8},"end":{"line":14,"column":16}},"loc":{"start":{"line":14,"column":65},"end":{"line":24,"column":null}},"line":14}},"branchMap":{"0":{"loc":{"start":{"line":17,"column":6},"end":{"line":17,"column":null}},"type":"binary-expr","locations":[{"start":{"line":17,"column":6},"end":{"line":17,"column":31}},{"start":{"line":17,"column":35},"end":{"line":17,"column":null}}],"line":17},"1":{"loc":{"start":{"line":17,"column":10},"end":{"line":17,"column":25}},"type":"binary-expr","locations":[{"start":{"line":17,"column":10},"end":{"line":17,"column":21}},{"start":{"line":17,"column":21},"end":{"line":17,"column":25}}],"line":17},"2":{"loc":{"start":{"line":18,"column":6},"end":{"line":18,"column":null}},"type":"binary-expr","locations":[{"start":{"line":18,"column":6},"end":{"line":18,"column":51}},{"start":{"line":18,"column":55},"end":{"line":18,"column":null}}],"line":18},"3":{"loc":{"start":{"line":18,"column":20},"end":{"line":18,"column":45}},"type":"binary-expr","locations":[{"start":{"line":18,"column":20},"end":{"line":18,"column":41}},{"start":{"line":18,"column":41},"end":{"line":18,"column":45}}],"line":18},"4":{"loc":{"start":{"line":19,"column":6},"end":{"line":19,"column":null}},"type":"binary-expr","locations":[{"start":{"line":19,"column":6},"end":{"line":19,"column":47}},{"start":{"line":19,"column":51},"end":{"line":19,"column":null}}],"line":19},"5":{"loc":{"start":{"line":19,"column":18},"end":{"line":19,"column":41}},"type":"binary-expr","locations":[{"start":{"line":19,"column":18},"end":{"line":19,"column":37}},{"start":{"line":19,"column":37},"end":{"line":19,"column":41}}],"line":19},"6":{"loc":{"start":{"line":20,"column":6},"end":{"line":20,"column":null}},"type":"binary-expr","locations":[{"start":{"line":20,"column":6},"end":{"line":20,"column":51}},{"start":{"line":20,"column":55},"end":{"line":20,"column":null}}],"line":20},"7":{"loc":{"start":{"line":20,"column":20},"end":{"line":20,"column":45}},"type":"binary-expr","locations":[{"start":{"line":20,"column":20},"end":{"line":20,"column":41}},{"start":{"line":20,"column":41},"end":{"line":20,"column":45}}],"line":20},"8":{"loc":{"start":{"line":21,"column":24},"end":{"line":21,"column":40}},"type":"binary-expr","locations":[{"start":{"line":21,"column":24},"end":{"line":21,"column":38}},{"start":{"line":21,"column":38},"end":{"line":21,"column":40}}],"line":21},"9":{"loc":{"start":{"line":22,"column":42},"end":{"line":22,"column":63}},"type":"binary-expr","locations":[{"start":{"line":22,"column":42},"end":{"line":22,"column":60}},{"start":{"line":22,"column":60},"end":{"line":22,"column":63}}],"line":22}},"s":{"0":7,"1":7,"2":7},"f":{"0":7,"1":7},"b":{"0":[7,5],"1":[7,4],"2":[7,6],"3":[7,5],"4":[7,6],"5":[7,6],"6":[7,7],"7":[7,7],"8":[7,6],"9":[7,6]},"meta":{"lastBranch":10,"lastFunction":2,"lastStatement":3,"seen":{"f:12:2:12:14":0,"s:12:31:12:56":0,"f:14:8:14:16":1,"s:15:42:23:Infinity":1,"b:17:6:17:31:17:35:17:Infinity":0,"b:17:10:17:21:17:21:17:25":1,"b:18:6:18:51:18:55:18:Infinity":2,"b:18:20:18:41:18:41:18:45":3,"b:19:6:19:47:19:51:19:Infinity":4,"b:19:18:19:37:19:37:19:41":5,"b:20:6:20:51:20:55:20:Infinity":6,"b:20:20:20:41:20:41:20:45":7,"b:21:24:21:38:21:38:21:40":8,"b:22:42:22:60:22:60:22:63":9,"s:24:4:24:Infinity":2}}}
,"C:\\Users\\Farhad Arian\\OneDrive - ZLZ Zentrallabor AG\\Dokumente\\Claude\\Projects\\OrderEntry\\frontend\\zetlab\\src\\domain\\valueObjects\\Identifier.ts": {"path":"C:\\Users\\Farhad Arian\\OneDrive - ZLZ Zentrallabor AG\\Dokumente\\Claude\\Projects\\OrderEntry\\frontend\\zetlab\\src\\domain\\valueObjects\\Identifier.ts","statementMap":{"0":{"start":{"line":5,"column":20},"end":{"line":5,"column":null}},"1":{"start":{"line":6,"column":20},"end":{"line":6,"column":null}},"2":{"start":{"line":8,"column":4},"end":{"line":8,"column":null}},"3":{"start":{"line":8,"column":31},"end":{"line":8,"column":null}},"4":{"start":{"line":13,"column":4},"end":{"line":13,"column":null}},"5":{"start":{"line":17,"column":4},"end":{"line":17,"column":null}},"6":{"start":{"line":21,"column":4},"end":{"line":21,"column":null}}},"fnMap":{"0":{"name":"(anonymous_0)","decl":{"start":{"line":4,"column":2},"end":{"line":4,"column":null}},"loc":{"start":{"line":7,"column":4},"end":{"line":8,"column":null}},"line":7},"1":{"name":"(anonymous_1)","decl":{"start":{"line":12,"column":2},"end":{"line":12,"column":20}},"loc":{"start":{"line":12,"column":20},"end":{"line":13,"column":null}},"line":12},"2":{"name":"(anonymous_2)","decl":{"start":{"line":16,"column":2},"end":{"line":16,"column":9}},"loc":{"start":{"line":16,"column":37},"end":{"line":17,"column":null}},"line":16},"3":{"name":"(anonymous_3)","decl":{"start":{"line":20,"column":2},"end":{"line":20,"column":21}},"loc":{"start":{"line":20,"column":21},"end":{"line":21,"column":null}},"line":20}},"branchMap":{"0":{"loc":{"start":{"line":8,"column":4},"end":{"line":8,"column":null}},"type":"if","locations":[{"start":{"line":8,"column":4},"end":{"line":8,"column":null}},{"start":{},"end":{}}],"line":8},"1":{"loc":{"start":{"line":8,"column":10},"end":{"line":8,"column":23}},"type":"binary-expr","locations":[{"start":{"line":8,"column":10},"end":{"line":8,"column":19}},{"start":{"line":8,"column":19},"end":{"line":8,"column":23}}],"line":8},"2":{"loc":{"start":{"line":17,"column":11},"end":{"line":17,"column":null}},"type":"binary-expr","locations":[{"start":{"line":17,"column":11},"end":{"line":17,"column":43}},{"start":{"line":17,"column":43},"end":{"line":17,"column":null}}],"line":17}},"s":{"0":12,"1":12,"2":12,"3":2,"4":2,"5":3,"6":1},"f":{"0":12,"1":2,"2":3,"3":1},"b":{"0":[2,10],"1":[12,0],"2":[3,2]},"meta":{"lastBranch":3,"lastFunction":4,"lastStatement":7,"seen":{"f:4:2:4:Infinity":0,"s:5:20:5:Infinity":0,"s:6:20:6:Infinity":1,"b:8:4:8:Infinity:undefined:undefined:undefined:undefined":0,"s:8:4:8:Infinity":2,"b:8:10:8:19:8:19:8:23":1,"s:8:31:8:Infinity":3,"f:12:2:12:20":1,"s:13:4:13:Infinity":4,"f:16:2:16:9":2,"s:17:4:17:Infinity":5,"b:17:11:17:43:17:43:17:Infinity":2,"f:20:2:20:21":3,"s:21:4:21:Infinity":6}}}
,"C:\\Users\\Farhad Arian\\OneDrive - ZLZ Zentrallabor AG\\Dokumente\\Claude\\Projects\\OrderEntry\\frontend\\zetlab\\src\\domain\\valueObjects\\OrderNumber.ts": {"path":"C:\\Users\\Farhad Arian\\OneDrive - ZLZ Zentrallabor AG\\Dokumente\\Claude\\Projects\\OrderEntry\\frontend\\zetlab\\src\\domain\\valueObjects\\OrderNumber.ts","statementMap":{"0":{"start":{"line":7,"column":10},"end":{"line":7,"column":40}},"1":{"start":{"line":8,"column":4},"end":{"line":8,"column":null}},"2":{"start":{"line":8,"column":18},"end":{"line":8,"column":null}},"3":{"start":{"line":9,"column":4},"end":{"line":9,"column":null}},"4":{"start":{"line":13,"column":4},"end":{"line":13,"column":null}},"5":{"start":{"line":17,"column":4},"end":{"line":17,"column":null}},"6":{"start":{"line":21,"column":4},"end":{"line":21,"column":null}}},"fnMap":{"0":{"name":"(anonymous_0)","decl":{"start":{"line":6,"column":2},"end":{"line":6,"column":14}},"loc":{"start":{"line":6,"column":29},"end":{"line":9,"column":null}},"line":6},"1":{"name":"(anonymous_1)","decl":{"start":{"line":12,"column":6},"end":{"line":12,"column":22}},"loc":{"start":{"line":12,"column":22},"end":{"line":13,"column":null}},"line":12},"2":{"name":"(anonymous_2)","decl":{"start":{"line":16,"column":2},"end":{"line":16,"column":9}},"loc":{"start":{"line":16,"column":38},"end":{"line":17,"column":null}},"line":16},"3":{"name":"(anonymous_3)","decl":{"start":{"line":20,"column":2},"end":{"line":20,"column":21}},"loc":{"start":{"line":20,"column":21},"end":{"line":21,"column":null}},"line":20}},"branchMap":{"0":{"loc":{"start":{"line":7,"column":21},"end":{"line":7,"column":34}},"type":"binary-expr","locations":[{"start":{"line":7,"column":21},"end":{"line":7,"column":30}},{"start":{"line":7,"column":30},"end":{"line":7,"column":34}}],"line":7},"1":{"loc":{"start":{"line":8,"column":4},"end":{"line":8,"column":null}},"type":"if","locations":[{"start":{"line":8,"column":4},"end":{"line":8,"column":null}},{"start":{},"end":{}}],"line":8}},"s":{"0":9,"1":9,"2":2,"3":7,"4":2,"5":2,"6":2},"f":{"0":9,"1":2,"2":2,"3":2},"b":{"0":[9,0],"1":[2,7]},"meta":{"lastBranch":2,"lastFunction":4,"lastStatement":7,"seen":{"f:6:2:6:14":0,"s:7:10:7:40":0,"b:7:21:7:30:7:30:7:34":0,"b:8:4:8:Infinity:undefined:undefined:undefined:undefined":1,"s:8:4:8:Infinity":1,"s:8:18:8:Infinity":2,"s:9:4:9:Infinity":3,"f:12:6:12:22":1,"s:13:4:13:Infinity":4,"f:16:2:16:9":2,"s:17:4:17:Infinity":5,"f:20:2:20:21":3,"s:21:4:21:Infinity":6}}}
,"C:\\Users\\Farhad Arian\\OneDrive - ZLZ Zentrallabor AG\\Dokumente\\Claude\\Projects\\OrderEntry\\frontend\\zetlab\\src\\infrastructure\\api\\HttpClient.ts": {"path":"C:\\Users\\Farhad Arian\\OneDrive - ZLZ Zentrallabor AG\\Dokumente\\Claude\\Projects\\OrderEntry\\frontend\\zetlab\\src\\infrastructure\\api\\HttpClient.ts","statementMap":{"0":{"start":{"line":7,"column":31},"end":{"line":7,"column":49}},"1":{"start":{"line":10,"column":16},"end":{"line":10,"column":68}},"2":{"start":{"line":11,"column":4},"end":{"line":13,"column":null}},"3":{"start":{"line":12,"column":6},"end":{"line":13,"column":null}},"4":{"start":{"line":13,"column":8},"end":{"line":13,"column":null}},"5":{"start":{"line":13,"column":55},"end":{"line":13,"column":null}},"6":{"start":{"line":16,"column":16},"end":{"line":16,"column":66}},"7":{"start":{"line":17,"column":4},"end":{"line":17,"column":null}},"8":{"start":{"line":17,"column":17},"end":{"line":17,"column":null}},"9":{"start":{"line":18,"column":4},"end":{"line":18,"column":null}},"10":{"start":{"line":22,"column":16},"end":{"line":22,"column":89}},"11":{"start":{"line":23,"column":4},"end":{"line":23,"column":null}},"12":{"start":{"line":23,"column":17},"end":{"line":23,"column":null}},"13":{"start":{"line":27,"column":16},"end":{"line":32,"column":6}},"14":{"start":{"line":33,"column":4},"end":{"line":33,"column":null}},"15":{"start":{"line":33,"column":17},"end":{"line":33,"column":null}},"16":{"start":{"line":34,"column":4},"end":{"line":34,"column":null}}},"fnMap":{"0":{"name":"(anonymous_0)","decl":{"start":{"line":7,"column":2},"end":{"line":7,"column":14}},"loc":{"start":{"line":7,"column":53},"end":{"line":7,"column":49}},"line":7},"1":{"name":"(anonymous_1)","decl":{"start":{"line":9,"column":8},"end":{"line":9,"column":15}},"loc":{"start":{"line":9,"column":86},"end":{"line":18,"column":null}},"line":9},"2":{"name":"(anonymous_2)","decl":{"start":{"line":21,"column":8},"end":{"line":21,"column":15}},"loc":{"start":{"line":21,"column":44},"end":{"line":23,"column":null}},"line":21},"3":{"name":"(anonymous_3)","decl":{"start":{"line":26,"column":8},"end":{"line":26,"column":16}},"loc":{"start":{"line":26,"column":57},"end":{"line":34,"column":null}},"line":26}},"branchMap":{"0":{"loc":{"start":{"line":7,"column":14},"end":{"line":7,"column":53}},"type":"default-arg","locations":[{"start":{"line":7,"column":49},"end":{"line":7,"column":53}}],"line":7},"1":{"loc":{"start":{"line":11,"column":4},"end":{"line":13,"column":null}},"type":"if","locations":[{"start":{"line":11,"column":4},"end":{"line":13,"column":null}},{"start":{},"end":{}}],"line":11},"2":{"loc":{"start":{"line":13,"column":8},"end":{"line":13,"column":null}},"type":"if","locations":[{"start":{"line":13,"column":8},"end":{"line":13,"column":null}},{"start":{},"end":{}}],"line":13},"3":{"loc":{"start":{"line":13,"column":12},"end":{"line":13,"column":55}},"type":"binary-expr","locations":[{"start":{"line":13,"column":12},"end":{"line":13,"column":31}},{"start":{"line":13,"column":31},"end":{"line":13,"column":45}},{"start":{"line":13,"column":45},"end":{"line":13,"column":55}}],"line":13},"4":{"loc":{"start":{"line":17,"column":4},"end":{"line":17,"column":null}},"type":"if","locations":[{"start":{"line":17,"column":4},"end":{"line":17,"column":null}},{"start":{},"end":{}}],"line":17},"5":{"loc":{"start":{"line":23,"column":4},"end":{"line":23,"column":null}},"type":"if","locations":[{"start":{"line":23,"column":4},"end":{"line":23,"column":null}},{"start":{},"end":{}}],"line":23},"6":{"loc":{"start":{"line":33,"column":4},"end":{"line":33,"column":null}},"type":"if","locations":[{"start":{"line":33,"column":4},"end":{"line":33,"column":null}},{"start":{},"end":{}}],"line":33}},"s":{"0":0,"1":0,"2":0,"3":0,"4":0,"5":0,"6":0,"7":0,"8":0,"9":0,"10":0,"11":0,"12":0,"13":0,"14":0,"15":0,"16":0},"f":{"0":0,"1":0,"2":0,"3":0},"b":{"0":[0],"1":[0,0],"2":[0,0],"3":[0,0,0],"4":[0,0],"5":[0,0],"6":[0,0]},"meta":{"lastBranch":7,"lastFunction":4,"lastStatement":17,"seen":{"f:7:2:7:14":0,"b:7:49:7:53":0,"s:7:31:7:49":0,"f:9:8:9:15":1,"s:10:16:10:68":1,"b:11:4:13:Infinity:undefined:undefined:undefined:undefined":1,"s:11:4:13:Infinity":2,"s:12:6:13:Infinity":3,"b:13:8:13:Infinity:undefined:undefined:undefined:undefined":2,"s:13:8:13:Infinity":4,"b:13:12:13:31:13:31:13:45:13:45:13:55":3,"s:13:55:13:Infinity":5,"s:16:16:16:66":6,"b:17:4:17:Infinity:undefined:undefined:undefined:undefined":4,"s:17:4:17:Infinity":7,"s:17:17:17:Infinity":8,"s:18:4:18:Infinity":9,"f:21:8:21:15":2,"s:22:16:22:89":10,"b:23:4:23:Infinity:undefined:undefined:undefined:undefined":5,"s:23:4:23:Infinity":11,"s:23:17:23:Infinity":12,"f:26:8:26:16":3,"s:27:16:32:6":13,"b:33:4:33:Infinity:undefined:undefined:undefined:undefined":6,"s:33:4:33:Infinity":14,"s:33:17:33:Infinity":15,"s:34:4:34:Infinity":16}}}
,"C:\\Users\\Farhad Arian\\OneDrive - ZLZ Zentrallabor AG\\Dokumente\\Claude\\Projects\\OrderEntry\\frontend\\zetlab\\src\\infrastructure\\api\\openapi.ts": {"path":"C:\\Users\\Farhad Arian\\OneDrive - ZLZ Zentrallabor AG\\Dokumente\\Claude\\Projects\\OrderEntry\\frontend\\zetlab\\src\\infrastructure\\api\\openapi.ts","statementMap":{"0":{"start":{"line":11,"column":27},"end":{"line":779,"column":null}}},"fnMap":{},"branchMap":{},"s":{"0":0},"f":{},"b":{},"meta":{"lastBranch":0,"lastFunction":0,"lastStatement":1,"seen":{"s:11:27:779:Infinity":0}}}
,"C:\\Users\\Farhad Arian\\OneDrive - ZLZ Zentrallabor AG\\Dokumente\\Claude\\Projects\\OrderEntry\\frontend\\zetlab\\src\\infrastructure\\api\\controllers\\OrdersController.ts": {"path":"C:\\Users\\Farhad Arian\\OneDrive - ZLZ Zentrallabor AG\\Dokumente\\Claude\\Projects\\OrderEntry\\frontend\\zetlab\\src\\infrastructure\\api\\controllers\\OrdersController.ts","statementMap":{"0":{"start":{"line":43,"column":2},"end":{"line":43,"column":null}},"1":{"start":{"line":43,"column":12},"end":{"line":43,"column":null}},"2":{"start":{"line":44,"column":20},"end":{"line":44,"column":75}},"3":{"start":{"line":44,"column":36},"end":{"line":44,"column":75}},"4":{"start":{"line":45,"column":2},"end":{"line":45,"column":null}},"5":{"start":{"line":45,"column":24},"end":{"line":45,"column":null}},"6":{"start":{"line":46,"column":2},"end":{"line":46,"column":null}},"7":{"start":{"line":46,"column":25},"end":{"line":46,"column":33}},"8":{"start":{"line":50,"column":14},"end":{"line":50,"column":null}},"9":{"start":{"line":51,"column":2},"end":{"line":51,"column":null}},"10":{"start":{"line":55,"column":2},"end":{"line":64,"column":null}},"11":{"start":{"line":69,"column":21},"end":{"line":69,"column":40}},"12":{"start":{"line":70,"column":21},"end":{"line":70,"column":56}},"13":{"start":{"line":74,"column":4},"end":{"line":105,"column":null}},"14":{"start":{"line":75,"column":18},"end":{"line":75,"column":60}},"15":{"start":{"line":76,"column":6},"end":{"line":76,"column":null}},"16":{"start":{"line":77,"column":6},"end":{"line":77,"column":null}},"17":{"start":{"line":79,"column":18},"end":{"line":82,"column":8}},"18":{"start":{"line":84,"column":6},"end":{"line":90,"column":null}},"19":{"start":{"line":85,"column":8},"end":{"line":90,"column":null}},"20":{"start":{"line":93,"column":22},"end":{"line":93,"column":38}},"21":{"start":{"line":94,"column":12},"end":{"line":100,"column":31}},"22":{"start":{"line":95,"column":20},"end":{"line":95,"column":31}},"23":{"start":{"line":98,"column":12},"end":{"line":98,"column":null}},"24":{"start":{"line":102,"column":6},"end":{"line":102,"column":null}},"25":{"start":{"line":104,"column":22},"end":{"line":104,"column":70}},"26":{"start":{"line":105,"column":6},"end":{"line":105,"column":null}},"27":{"start":{"line":110,"column":4},"end":{"line":167,"column":null}},"28":{"start":{"line":112,"column":18},"end":{"line":115,"column":8}},"29":{"start":{"line":117,"column":6},"end":{"line":118,"column":null}},"30":{"start":{"line":118,"column":8},"end":{"line":118,"column":null}},"31":{"start":{"line":122,"column":6},"end":{"line":157,"column":null}},"32":{"start":{"line":123,"column":23},"end":{"line":125,"column":null}},"33":{"start":{"line":127,"column":8},"end":{"line":132,"column":null}},"34":{"start":{"line":128,"column":10},"end":{"line":132,"column":null}},"35":{"start":{"line":135,"column":20},"end":{"line":135,"column":39}},"36":{"start":{"line":136,"column":24},"end":{"line":136,"column":null}},"37":{"start":{"line":137,"column":23},"end":{"line":146,"column":null}},"38":{"start":{"line":149,"column":8},"end":{"line":154,"column":null}},"39":{"start":{"line":150,"column":10},"end":{"line":154,"column":null}},"40":{"start":{"line":157,"column":8},"end":{"line":157,"column":null}},"41":{"start":{"line":160,"column":6},"end":{"line":164,"column":null}},"42":{"start":{"line":166,"column":22},"end":{"line":166,"column":70}},"43":{"start":{"line":167,"column":6},"end":{"line":167,"column":null}},"44":{"start":{"line":173,"column":32},"end":{"line":173,"column":54}}},"fnMap":{"0":{"name":"extractOrderNumber","decl":{"start":{"line":42,"column":9},"end":{"line":42,"column":28}},"loc":{"start":{"line":42,"column":60},"end":{"line":46,"column":null}},"line":42},"1":{"name":"(anonymous_1)","decl":{"start":{"line":44,"column":24},"end":{"line":44,"column":30}},"loc":{"start":{"line":44,"column":36},"end":{"line":44,"column":75}},"line":44},"2":{"name":"(anonymous_2)","decl":{"start":{"line":46,"column":13},"end":{"line":46,"column":19}},"loc":{"start":{"line":46,"column":25},"end":{"line":46,"column":33}},"line":46},"3":{"name":"extractPatientId","decl":{"start":{"line":49,"column":9},"end":{"line":49,"column":26}},"loc":{"start":{"line":49,"column":68},"end":{"line":51,"column":null}},"line":49},"4":{"name":"mapServiceRequest","decl":{"start":{"line":54,"column":9},"end":{"line":54,"column":27}},"loc":{"start":{"line":54,"column":69},"end":{"line":64,"column":null}},"line":54},"5":{"name":"(anonymous_5)","decl":{"start":{"line":68,"column":2},"end":{"line":68,"column":null}},"loc":{"start":{"line":71,"column":4},"end":{"line":70,"column":56}},"line":71},"6":{"name":"(anonymous_6)","decl":{"start":{"line":73,"column":8},"end":{"line":73,"column":47}},"loc":{"start":{"line":73,"column":47},"end":{"line":105,"column":null}},"line":73},"7":{"name":"(anonymous_7)","decl":{"start":{"line":95,"column":9},"end":{"line":95,"column":14}},"loc":{"start":{"line":95,"column":20},"end":{"line":95,"column":31}},"line":95},"8":{"name":"(anonymous_8)","decl":{"start":{"line":96,"column":9},"end":{"line":96,"column":null}},"loc":{"start":{"line":98,"column":12},"end":{"line":98,"column":null}},"line":98},"9":{"name":"(anonymous_9)","decl":{"start":{"line":109,"column":8},"end":{"line":109,"column":15}},"loc":{"start":{"line":109,"column":60},"end":{"line":167,"column":null}},"line":109}},"branchMap":{"0":{"loc":{"start":{"line":43,"column":2},"end":{"line":43,"column":null}},"type":"if","locations":[{"start":{"line":43,"column":2},"end":{"line":43,"column":null}},{"start":{},"end":{}}],"line":43},"1":{"loc":{"start":{"line":45,"column":2},"end":{"line":45,"column":null}},"type":"if","locations":[{"start":{"line":45,"column":2},"end":{"line":45,"column":null}},{"start":{},"end":{}}],"line":45},"2":{"loc":{"start":{"line":46,"column":9},"end":{"line":46,"column":null}},"type":"binary-expr","locations":[{"start":{"line":46,"column":9},"end":{"line":46,"column":44}},{"start":{"line":46,"column":44},"end":{"line":46,"column":null}}],"line":46},"3":{"loc":{"start":{"line":50,"column":14},"end":{"line":50,"column":null}},"type":"binary-expr","locations":[{"start":{"line":50,"column":14},"end":{"line":50,"column":36}},{"start":{"line":50,"column":36},"end":{"line":50,"column":null}}],"line":50},"4":{"loc":{"start":{"line":51,"column":9},"end":{"line":51,"column":null}},"type":"cond-expr","locations":[{"start":{"line":51,"column":38},"end":{"line":51,"column":66}},{"start":{"line":51,"column":69},"end":{"line":51,"column":null}}],"line":51},"5":{"loc":{"start":{"line":57,"column":12},"end":{"line":57,"column":null}},"type":"binary-expr","locations":[{"start":{"line":57,"column":12},"end":{"line":57,"column":25}},{"start":{"line":57,"column":25},"end":{"line":57,"column":null}}],"line":57},"6":{"loc":{"start":{"line":58,"column":12},"end":{"line":58,"column":null}},"type":"binary-expr","locations":[{"start":{"line":58,"column":12},"end":{"line":58,"column":25}},{"start":{"line":58,"column":25},"end":{"line":58,"column":null}}],"line":58},"7":{"loc":{"start":{"line":59,"column":14},"end":{"line":59,"column":null}},"type":"binary-expr","locations":[{"start":{"line":59,"column":14},"end":{"line":59,"column":31}},{"start":{"line":59,"column":31},"end":{"line":59,"column":64}},{"start":{"line":59,"column":64},"end":{"line":59,"column":null}}],"line":59},"8":{"loc":{"start":{"line":60,"column":16},"end":{"line":60,"column":null}},"type":"binary-expr","locations":[{"start":{"line":60,"column":16},"end":{"line":60,"column":33}},{"start":{"line":60,"column":33},"end":{"line":60,"column":57}},{"start":{"line":60,"column":57},"end":{"line":60,"column":null}}],"line":60},"9":{"loc":{"start":{"line":62,"column":19},"end":{"line":62,"column":null}},"type":"cond-expr","locations":[{"start":{"line":62,"column":48},"end":{"line":62,"column":69}},{"start":{"line":62,"column":69},"end":{"line":62,"column":null}}],"line":62},"10":{"loc":{"start":{"line":69,"column":4},"end":{"line":69,"column":null}},"type":"default-arg","locations":[{"start":{"line":69,"column":40},"end":{"line":69,"column":null}}],"line":69},"11":{"loc":{"start":{"line":70,"column":4},"end":{"line":70,"column":null}},"type":"default-arg","locations":[{"start":{"line":70,"column":56},"end":{"line":70,"column":null}}],"line":70},"12":{"loc":{"start":{"line":84,"column":6},"end":{"line":90,"column":null}},"type":"if","locations":[{"start":{"line":84,"column":6},"end":{"line":90,"column":null}},{"start":{},"end":{}}],"line":84},"13":{"loc":{"start":{"line":94,"column":20},"end":{"line":94,"column":38}},"type":"binary-expr","locations":[{"start":{"line":94,"column":20},"end":{"line":94,"column":36}},{"start":{"line":94,"column":36},"end":{"line":94,"column":38}}],"line":94},"14":{"loc":{"start":{"line":98,"column":12},"end":{"line":98,"column":null}},"type":"binary-expr","locations":[{"start":{"line":98,"column":12},"end":{"line":98,"column":19}},{"start":{"line":98,"column":19},"end":{"line":98,"column":58}},{"start":{"line":98,"column":58},"end":{"line":98,"column":null}}],"line":98},"15":{"loc":{"start":{"line":102,"column":28},"end":{"line":102,"column":57}},"type":"binary-expr","locations":[{"start":{"line":102,"column":28},"end":{"line":102,"column":44}},{"start":{"line":102,"column":44},"end":{"line":102,"column":57}}],"line":102},"16":{"loc":{"start":{"line":104,"column":22},"end":{"line":104,"column":70}},"type":"cond-expr","locations":[{"start":{"line":104,"column":45},"end":{"line":104,"column":59}},{"start":{"line":104,"column":59},"end":{"line":104,"column":70}}],"line":104},"17":{"loc":{"start":{"line":105,"column":42},"end":{"line":105,"column":70}},"type":"binary-expr","locations":[{"start":{"line":105,"column":42},"end":{"line":105,"column":53}},{"start":{"line":105,"column":53},"end":{"line":105,"column":70}}],"line":105},"18":{"loc":{"start":{"line":117,"column":6},"end":{"line":118,"column":null}},"type":"if","locations":[{"start":{"line":117,"column":6},"end":{"line":118,"column":null}},{"start":{},"end":{}}],"line":117},"19":{"loc":{"start":{"line":117,"column":10},"end":{"line":117,"column":40}},"type":"binary-expr","locations":[{"start":{"line":117,"column":10},"end":{"line":117,"column":20}},{"start":{"line":117,"column":20},"end":{"line":117,"column":40}}],"line":117},"20":{"loc":{"start":{"line":122,"column":6},"end":{"line":157,"column":null}},"type":"if","locations":[{"start":{"line":122,"column":6},"end":{"line":157,"column":null}},{"start":{},"end":{}}],"line":122},"21":{"loc":{"start":{"line":127,"column":8},"end":{"line":132,"column":null}},"type":"if","locations":[{"start":{"line":127,"column":8},"end":{"line":132,"column":null}},{"start":{},"end":{}}],"line":127},"22":{"loc":{"start":{"line":149,"column":8},"end":{"line":154,"column":null}},"type":"if","locations":[{"start":{"line":149,"column":8},"end":{"line":154,"column":null}},{"start":{},"end":{}}],"line":149},"23":{"loc":{"start":{"line":166,"column":22},"end":{"line":166,"column":70}},"type":"cond-expr","locations":[{"start":{"line":166,"column":45},"end":{"line":166,"column":59}},{"start":{"line":166,"column":59},"end":{"line":166,"column":70}}],"line":166},"24":{"loc":{"start":{"line":167,"column":38},"end":{"line":167,"column":66}},"type":"binary-expr","locations":[{"start":{"line":167,"column":38},"end":{"line":167,"column":49}},{"start":{"line":167,"column":49},"end":{"line":167,"column":66}}],"line":167}},"s":{"0":2,"1":0,"2":2,"3":2,"4":2,"5":0,"6":2,"7":2,"8":2,"9":2,"10":2,"11":11,"12":11,"13":4,"14":4,"15":4,"16":4,"17":4,"18":3,"19":1,"20":2,"21":2,"22":2,"23":2,"24":4,"25":1,"26":1,"27":6,"28":6,"29":5,"30":2,"31":3,"32":2,"33":2,"34":1,"35":1,"36":1,"37":1,"38":1,"39":0,"40":1,"41":1,"42":1,"43":1,"44":1},"f":{"0":2,"1":2,"2":2,"3":2,"4":2,"5":11,"6":4,"7":2,"8":2,"9":6},"b":{"0":[0,2],"1":[0,2],"2":[2,0],"3":[2,0],"4":[2,0],"5":[2,0],"6":[2,0],"7":[2,0,0],"8":[2,0,0],"9":[2,0],"10":[11],"11":[11],"12":[1,2],"13":[2,0],"14":[2,2,2],"15":[4,1],"16":[1,0],"17":[1,0],"18":[2,3],"19":[5,4],"20":[2,1],"21":[1,1],"22":[0,1],"23":[1,0],"24":[1,0]},"meta":{"lastBranch":25,"lastFunction":10,"lastStatement":45,"seen":{"f:42:9:42:28":0,"b:43:2:43:Infinity:undefined:undefined:undefined:undefined":0,"s:43:2:43:Infinity":0,"s:43:12:43:Infinity":1,"s:44:20:44:75":2,"f:44:24:44:30":1,"s:44:36:44:75":3,"b:45:2:45:Infinity:undefined:undefined:undefined:undefined":1,"s:45:2:45:Infinity":4,"s:45:24:45:Infinity":5,"s:46:2:46:Infinity":6,"b:46:9:46:44:46:44:46:Infinity":2,"f:46:13:46:19":2,"s:46:25:46:33":7,"f:49:9:49:26":3,"s:50:14:50:Infinity":8,"b:50:14:50:36:50:36:50:Infinity":3,"s:51:2:51:Infinity":9,"b:51:38:51:66:51:69:51:Infinity":4,"f:54:9:54:27":4,"s:55:2:64:Infinity":10,"b:57:12:57:25:57:25:57:Infinity":5,"b:58:12:58:25:58:25:58:Infinity":6,"b:59:14:59:31:59:31:59:64:59:64:59:Infinity":7,"b:60:16:60:33:60:33:60:57:60:57:60:Infinity":8,"b:62:48:62:69:62:69:62:Infinity":9,"f:68:2:68:Infinity":5,"b:69:40:69:Infinity":10,"b:70:56:70:Infinity":11,"s:69:21:69:40":11,"s:70:21:70:56":12,"f:73:8:73:47":6,"s:74:4:105:Infinity":13,"s:75:18:75:60":14,"s:76:6:76:Infinity":15,"s:77:6:77:Infinity":16,"s:79:18:82:8":17,"b:84:6:90:Infinity:undefined:undefined:undefined:undefined":12,"s:84:6:90:Infinity":18,"s:85:8:90:Infinity":19,"s:93:22:93:38":20,"s:94:12:100:31":21,"b:94:20:94:36:94:36:94:38":13,"f:95:9:95:14":7,"s:95:20:95:31":22,"f:96:9:96:Infinity":8,"s:98:12:98:Infinity":23,"b:98:12:98:19:98:19:98:58:98:58:98:Infinity":14,"s:102:6:102:Infinity":24,"b:102:28:102:44:102:44:102:57":15,"s:104:22:104:70":25,"b:104:45:104:59:104:59:104:70":16,"s:105:6:105:Infinity":26,"b:105:42:105:53:105:53:105:70":17,"f:109:8:109:15":9,"s:110:4:167:Infinity":27,"s:112:18:115:8":28,"b:117:6:118:Infinity:undefined:undefined:undefined:undefined":18,"s:117:6:118:Infinity":29,"b:117:10:117:20:117:20:117:40":19,"s:118:8:118:Infinity":30,"b:122:6:157:Infinity:undefined:undefined:undefined:undefined":20,"s:122:6:157:Infinity":31,"s:123:23:125:Infinity":32,"b:127:8:132:Infinity:undefined:undefined:undefined:undefined":21,"s:127:8:132:Infinity":33,"s:128:10:132:Infinity":34,"s:135:20:135:39":35,"s:136:24:136:Infinity":36,"s:137:23:146:Infinity":37,"b:149:8:154:Infinity:undefined:undefined:undefined:undefined":22,"s:149:8:154:Infinity":38,"s:150:10:154:Infinity":39,"s:157:8:157:Infinity":40,"s:160:6:164:Infinity":41,"s:166:22:166:70":42,"b:166:45:166:59:166:59:166:70":23,"s:167:6:167:Infinity":43,"b:167:38:167:49:167:49:167:66":24,"s:173:32:173:54":44}}}
,"C:\\Users\\Farhad Arian\\OneDrive - ZLZ Zentrallabor AG\\Dokumente\\Claude\\Projects\\OrderEntry\\frontend\\zetlab\\src\\infrastructure\\api\\controllers\\PatientsController.ts": {"path":"C:\\Users\\Farhad Arian\\OneDrive - ZLZ Zentrallabor AG\\Dokumente\\Claude\\Projects\\OrderEntry\\frontend\\zetlab\\src\\infrastructure\\api\\controllers\\PatientsController.ts","statementMap":{"0":{"start":{"line":43,"column":2},"end":{"line":43,"column":null}},"1":{"start":{"line":43,"column":28},"end":{"line":43,"column":null}},"2":{"start":{"line":44,"column":16},"end":{"line":44,"column":null}},"3":{"start":{"line":45,"column":2},"end":{"line":45,"column":null}},"4":{"start":{"line":45,"column":26},"end":{"line":45,"column":null}},"5":{"start":{"line":46,"column":2},"end":{"line":48,"column":null}},"6":{"start":{"line":52,"column":2},"end":{"line":52,"column":null}},"7":{"start":{"line":52,"column":28},"end":{"line":52,"column":null}},"8":{"start":{"line":53,"column":16},"end":{"line":53,"column":null}},"9":{"start":{"line":54,"column":2},"end":{"line":54,"column":null}},"10":{"start":{"line":54,"column":26},"end":{"line":54,"column":null}},"11":{"start":{"line":55,"column":2},"end":{"line":63,"column":null}},"12":{"start":{"line":68,"column":21},"end":{"line":68,"column":40}},"13":{"start":{"line":69,"column":21},"end":{"line":69,"column":56}},"14":{"start":{"line":78,"column":8},"end":{"line":78,"column":null}},"15":{"start":{"line":80,"column":21},"end":{"line":80,"column":38}},"16":{"start":{"line":81,"column":25},"end":{"line":81,"column":46}},"17":{"start":{"line":82,"column":10},"end":{"line":82,"column":null}},"18":{"start":{"line":84,"column":24},"end":{"line":84,"column":null}},"19":{"start":{"line":86,"column":16},"end":{"line":86,"column":51}},"20":{"start":{"line":87,"column":4},"end":{"line":87,"column":null}},"21":{"start":{"line":87,"column":11},"end":{"line":87,"column":null}},"22":{"start":{"line":88,"column":4},"end":{"line":88,"column":null}},"23":{"start":{"line":89,"column":4},"end":{"line":89,"column":null}},"24":{"start":{"line":90,"column":4},"end":{"line":90,"column":null}},"25":{"start":{"line":91,"column":4},"end":{"line":91,"column":null}},"26":{"start":{"line":93,"column":21},"end":{"line":93,"column":56}},"27":{"start":{"line":94,"column":4},"end":{"line":94,"column":null}},"28":{"start":{"line":94,"column":11},"end":{"line":94,"column":null}},"29":{"start":{"line":95,"column":4},"end":{"line":95,"column":null}},"30":{"start":{"line":96,"column":4},"end":{"line":96,"column":null}},"31":{"start":{"line":97,"column":4},"end":{"line":97,"column":null}},"32":{"start":{"line":99,"column":4},"end":{"line":151,"column":null}},"33":{"start":{"line":100,"column":30},"end":{"line":109,"column":8}},"34":{"start":{"line":111,"column":6},"end":{"line":119,"column":null}},"35":{"start":{"line":112,"column":8},"end":{"line":119,"column":null}},"36":{"start":{"line":122,"column":22},"end":{"line":122,"column":38}},"37":{"start":{"line":123,"column":18},"end":{"line":123,"column":null}},"38":{"start":{"line":124,"column":6},"end":{"line":126,"column":null}},"39":{"start":{"line":125,"column":29},"end":{"line":125,"column":50}},"40":{"start":{"line":126,"column":8},"end":{"line":126,"column":null}},"41":{"start":{"line":129,"column":12},"end":{"line":139,"column":11}},"42":{"start":{"line":130,"column":20},"end":{"line":130,"column":31}},"43":{"start":{"line":132,"column":35},"end":{"line":132,"column":null}},"44":{"start":{"line":134,"column":21},"end":{"line":139,"column":11}},"45":{"start":{"line":141,"column":6},"end":{"line":141,"column":null}},"46":{"start":{"line":143,"column":22},"end":{"line":143,"column":70}},"47":{"start":{"line":144,"column":6},"end":{"line":151,"column":null}},"48":{"start":{"line":157,"column":34},"end":{"line":157,"column":58}}},"fnMap":{"0":{"name":"nameToString","decl":{"start":{"line":42,"column":9},"end":{"line":42,"column":22}},"loc":{"start":{"line":42,"column":51},"end":{"line":48,"column":null}},"line":42},"1":{"name":"addressToString","decl":{"start":{"line":51,"column":9},"end":{"line":51,"column":25}},"loc":{"start":{"line":51,"column":52},"end":{"line":63,"column":null}},"line":51},"2":{"name":"(anonymous_2)","decl":{"start":{"line":67,"column":2},"end":{"line":67,"column":null}},"loc":{"start":{"line":70,"column":4},"end":{"line":69,"column":56}},"line":70},"3":{"name":"(anonymous_3)","decl":{"start":{"line":72,"column":8},"end":{"line":72,"column":13}},"loc":{"start":{"line":72,"column":77},"end":{"line":151,"column":null}},"line":72},"4":{"name":"(anonymous_4)","decl":{"start":{"line":130,"column":9},"end":{"line":130,"column":14}},"loc":{"start":{"line":130,"column":20},"end":{"line":130,"column":31}},"line":130},"5":{"name":"(anonymous_5)","decl":{"start":{"line":131,"column":9},"end":{"line":131,"column":null}},"loc":{"start":{"line":132,"column":35},"end":{"line":132,"column":null}},"line":132},"6":{"name":"(anonymous_6)","decl":{"start":{"line":134,"column":9},"end":{"line":134,"column":14}},"loc":{"start":{"line":134,"column":21},"end":{"line":139,"column":11}},"line":134}},"branchMap":{"0":{"loc":{"start":{"line":43,"column":2},"end":{"line":43,"column":null}},"type":"if","locations":[{"start":{"line":43,"column":2},"end":{"line":43,"column":null}},{"start":{},"end":{}}],"line":43},"1":{"loc":{"start":{"line":43,"column":6},"end":{"line":43,"column":28}},"type":"binary-expr","locations":[{"start":{"line":43,"column":6},"end":{"line":43,"column":12}},{"start":{"line":43,"column":12},"end":{"line":43,"column":28}}],"line":43},"2":{"loc":{"start":{"line":45,"column":2},"end":{"line":45,"column":null}},"type":"if","locations":[{"start":{"line":45,"column":2},"end":{"line":45,"column":null}},{"start":{},"end":{}}],"line":45},"3":{"loc":{"start":{"line":46,"column":9},"end":{"line":48,"column":null}},"type":"binary-expr","locations":[{"start":{"line":46,"column":9},"end":{"line":48,"column":14}},{"start":{"line":48,"column":18},"end":{"line":48,"column":null}}],"line":46},"4":{"loc":{"start":{"line":46,"column":14},"end":{"line":46,"column":31}},"type":"binary-expr","locations":[{"start":{"line":46,"column":14},"end":{"line":46,"column":29}},{"start":{"line":46,"column":29},"end":{"line":46,"column":31}}],"line":46},"5":{"loc":{"start":{"line":46,"column":34},"end":{"line":46,"column":53}},"type":"binary-expr","locations":[{"start":{"line":46,"column":34},"end":{"line":46,"column":50}},{"start":{"line":46,"column":50},"end":{"line":46,"column":53}}],"line":46},"6":{"loc":{"start":{"line":52,"column":2},"end":{"line":52,"column":null}},"type":"if","locations":[{"start":{"line":52,"column":2},"end":{"line":52,"column":null}},{"start":{},"end":{}}],"line":52},"7":{"loc":{"start":{"line":52,"column":6},"end":{"line":52,"column":28}},"type":"binary-expr","locations":[{"start":{"line":52,"column":6},"end":{"line":52,"column":12}},{"start":{"line":52,"column":12},"end":{"line":52,"column":28}}],"line":52},"8":{"loc":{"start":{"line":54,"column":2},"end":{"line":54,"column":null}},"type":"if","locations":[{"start":{"line":54,"column":2},"end":{"line":54,"column":null}},{"start":{},"end":{}}],"line":54},"9":{"loc":{"start":{"line":56,"column":8},"end":{"line":56,"column":24}},"type":"binary-expr","locations":[{"start":{"line":56,"column":8},"end":{"line":56,"column":22}},{"start":{"line":56,"column":22},"end":{"line":56,"column":24}}],"line":56},"10":{"loc":{"start":{"line":68,"column":4},"end":{"line":68,"column":null}},"type":"default-arg","locations":[{"start":{"line":68,"column":40},"end":{"line":68,"column":null}}],"line":68},"11":{"loc":{"start":{"line":69,"column":4},"end":{"line":69,"column":null}},"type":"default-arg","locations":[{"start":{"line":69,"column":56},"end":{"line":69,"column":null}}],"line":69},"12":{"loc":{"start":{"line":74,"column":6},"end":{"line":74,"column":null}},"type":"default-arg","locations":[{"start":{"line":74,"column":10},"end":{"line":74,"column":null}}],"line":74},"13":{"loc":{"start":{"line":75,"column":6},"end":{"line":75,"column":null}},"type":"default-arg","locations":[{"start":{"line":75,"column":13},"end":{"line":75,"column":null}}],"line":75},"14":{"loc":{"start":{"line":76,"column":6},"end":{"line":76,"column":null}},"type":"default-arg","locations":[{"start":{"line":76,"column":17},"end":{"line":76,"column":null}}],"line":76},"15":{"loc":{"start":{"line":77,"column":6},"end":{"line":77,"column":null}},"type":"default-arg","locations":[{"start":{"line":77,"column":21},"end":{"line":77,"column":null}}],"line":77},"16":{"loc":{"start":{"line":84,"column":24},"end":{"line":84,"column":null}},"type":"cond-expr","locations":[{"start":{"line":84,"column":39},"end":{"line":84,"column":49}},{"start":{"line":84,"column":49},"end":{"line":84,"column":null}}],"line":84},"17":{"loc":{"start":{"line":87,"column":4},"end":{"line":87,"column":null}},"type":"if","locations":[{"start":{"line":87,"column":4},"end":{"line":87,"column":null}},{"start":{},"end":{}}],"line":87},"18":{"loc":{"start":{"line":94,"column":4},"end":{"line":94,"column":null}},"type":"if","locations":[{"start":{"line":94,"column":4},"end":{"line":94,"column":null}},{"start":{},"end":{}}],"line":94},"19":{"loc":{"start":{"line":111,"column":6},"end":{"line":119,"column":null}},"type":"if","locations":[{"start":{"line":111,"column":6},"end":{"line":119,"column":null}},{"start":{},"end":{}}],"line":111},"20":{"loc":{"start":{"line":123,"column":18},"end":{"line":123,"column":null}},"type":"binary-expr","locations":[{"start":{"line":123,"column":18},"end":{"line":123,"column":34}},{"start":{"line":123,"column":34},"end":{"line":123,"column":null}}],"line":123},"21":{"loc":{"start":{"line":124,"column":6},"end":{"line":126,"column":null}},"type":"if","locations":[{"start":{"line":124,"column":6},"end":{"line":126,"column":null}},{"start":{},"end":{}}],"line":124},"22":{"loc":{"start":{"line":126,"column":16},"end":{"line":126,"column":null}},"type":"binary-expr","locations":[{"start":{"line":126,"column":16},"end":{"line":126,"column":37}},{"start":{"line":126,"column":37},"end":{"line":126,"column":null}}],"line":126},"23":{"loc":{"start":{"line":129,"column":42},"end":{"line":129,"column":60}},"type":"binary-expr","locations":[{"start":{"line":129,"column":42},"end":{"line":129,"column":58}},{"start":{"line":129,"column":58},"end":{"line":129,"column":60}}],"line":129},"24":{"loc":{"start":{"line":132,"column":35},"end":{"line":132,"column":null}},"type":"binary-expr","locations":[{"start":{"line":132,"column":35},"end":{"line":132,"column":42}},{"start":{"line":132,"column":42},"end":{"line":132,"column":74}},{"start":{"line":132,"column":74},"end":{"line":132,"column":null}}],"line":132},"25":{"loc":{"start":{"line":138,"column":21},"end":{"line":138,"column":null}},"type":"binary-expr","locations":[{"start":{"line":138,"column":21},"end":{"line":138,"column":44}},{"start":{"line":138,"column":44},"end":{"line":138,"column":null}}],"line":138},"26":{"loc":{"start":{"line":143,"column":22},"end":{"line":143,"column":70}},"type":"cond-expr","locations":[{"start":{"line":143,"column":45},"end":{"line":143,"column":59}},{"start":{"line":143,"column":59},"end":{"line":143,"column":70}}],"line":143},"27":{"loc":{"start":{"line":149,"column":15},"end":{"line":149,"column":null}},"type":"binary-expr","locations":[{"start":{"line":149,"column":15},"end":{"line":149,"column":26}},{"start":{"line":149,"column":26},"end":{"line":149,"column":null}}],"line":149}},"s":{"0":7,"1":1,"2":6,"3":6,"4":1,"5":5,"6":7,"7":1,"8":6,"9":6,"10":1,"11":5,"12":14,"13":14,"14":13,"15":13,"16":13,"17":13,"18":13,"19":13,"20":13,"21":1,"22":13,"23":13,"24":13,"25":13,"26":13,"27":13,"28":1,"29":13,"30":13,"31":13,"32":13,"33":13,"34":12,"35":1,"36":11,"37":11,"38":13,"39":11,"40":11,"41":11,"42":8,"43":8,"44":7,"45":13,"46":1,"47":1,"48":1},"f":{"0":7,"1":7,"2":14,"3":13,"4":8,"5":8,"6":7},"b":{"0":[1,6],"1":[7,7],"2":[1,5],"3":[5,0],"4":[5,0],"5":[7,0],"6":[1,6],"7":[7,6],"8":[1,5],"9":[5,0],"10":[14],"11":[14],"12":[13],"13":[13],"14":[13],"15":[13],"16":[1,12],"17":[1,12],"18":[1,12],"19":[1,11],"20":[11,0],"21":[11,2],"22":[11,0],"23":[11,0],"24":[8,8,8],"25":[7,0],"26":[1,0],"27":[1,0]},"meta":{"lastBranch":28,"lastFunction":7,"lastStatement":49,"seen":{"f:42:9:42:22":0,"b:43:2:43:Infinity:undefined:undefined:undefined:undefined":0,"s:43:2:43:Infinity":0,"b:43:6:43:12:43:12:43:28":1,"s:43:28:43:Infinity":1,"s:44:16:44:Infinity":2,"b:45:2:45:Infinity:undefined:undefined:undefined:undefined":2,"s:45:2:45:Infinity":3,"s:45:26:45:Infinity":4,"s:46:2:48:Infinity":5,"b:46:9:48:14:48:18:48:Infinity":3,"b:46:14:46:29:46:29:46:31":4,"b:46:34:46:50:46:50:46:53":5,"f:51:9:51:25":1,"b:52:2:52:Infinity:undefined:undefined:undefined:undefined":6,"s:52:2:52:Infinity":6,"b:52:6:52:12:52:12:52:28":7,"s:52:28:52:Infinity":7,"s:53:16:53:Infinity":8,"b:54:2:54:Infinity:undefined:undefined:undefined:undefined":8,"s:54:2:54:Infinity":9,"s:54:26:54:Infinity":10,"s:55:2:63:Infinity":11,"b:56:8:56:22:56:22:56:24":9,"f:67:2:67:Infinity":2,"b:68:40:68:Infinity":10,"b:69:56:69:Infinity":11,"s:68:21:68:40":12,"s:69:21:69:56":13,"f:72:8:72:13":3,"s:78:8:78:Infinity":14,"b:74:10:74:Infinity":12,"b:75:13:75:Infinity":13,"b:76:17:76:Infinity":14,"b:77:21:77:Infinity":15,"s:80:21:80:38":15,"s:81:25:81:46":16,"s:82:10:82:Infinity":17,"s:84:24:84:Infinity":18,"b:84:39:84:49:84:49:84:Infinity":16,"s:86:16:86:51":19,"b:87:4:87:Infinity:undefined:undefined:undefined:undefined":17,"s:87:4:87:Infinity":20,"s:87:11:87:Infinity":21,"s:88:4:88:Infinity":22,"s:89:4:89:Infinity":23,"s:90:4:90:Infinity":24,"s:91:4:91:Infinity":25,"s:93:21:93:56":26,"b:94:4:94:Infinity:undefined:undefined:undefined:undefined":18,"s:94:4:94:Infinity":27,"s:94:11:94:Infinity":28,"s:95:4:95:Infinity":29,"s:96:4:96:Infinity":30,"s:97:4:97:Infinity":31,"s:99:4:151:Infinity":32,"s:100:30:109:8":33,"b:111:6:119:Infinity:undefined:undefined:undefined:undefined":19,"s:111:6:119:Infinity":34,"s:112:8:119:Infinity":35,"s:122:22:122:38":36,"s:123:18:123:Infinity":37,"b:123:18:123:34:123:34:123:Infinity":20,"b:124:6:126:Infinity:undefined:undefined:undefined:undefined":21,"s:124:6:126:Infinity":38,"s:125:29:125:50":39,"s:126:8:126:Infinity":40,"b:126:16:126:37:126:37:126:Infinity":22,"s:129:12:139:11":41,"b:129:42:129:58:129:58:129:60":23,"f:130:9:130:14":4,"s:130:20:130:31":42,"f:131:9:131:Infinity":5,"s:132:35:132:Infinity":43,"b:132:35:132:42:132:42:132:74:132:74:132:Infinity":24,"f:134:9:134:14":6,"s:134:21:139:11":44,"b:138:21:138:44:138:44:138:Infinity":25,"s:141:6:141:Infinity":45,"s:143:22:143:70":46,"b:143:45:143:59:143:59:143:70":26,"s:144:6:151:Infinity":47,"b:149:15:149:26:149:26:149:Infinity":27,"s:157:34:157:58":48}}}
,"C:\\Users\\Farhad Arian\\OneDrive - ZLZ Zentrallabor AG\\Dokumente\\Claude\\Projects\\OrderEntry\\frontend\\zetlab\\src\\infrastructure\\api\\controllers\\ResultsController.ts": {"path":"C:\\Users\\Farhad Arian\\OneDrive - ZLZ Zentrallabor AG\\Dokumente\\Claude\\Projects\\OrderEntry\\frontend\\zetlab\\src\\infrastructure\\api\\controllers\\ResultsController.ts","statementMap":{"0":{"start":{"line":43,"column":14},"end":{"line":43,"column":null}},"1":{"start":{"line":44,"column":2},"end":{"line":44,"column":null}},"2":{"start":{"line":48,"column":16},"end":{"line":48,"column":38}},"3":{"start":{"line":49,"column":14},"end":{"line":49,"column":84}},"4":{"start":{"line":49,"column":26},"end":{"line":49,"column":83}},"5":{"start":{"line":50,"column":14},"end":{"line":50,"column":84}},"6":{"start":{"line":50,"column":26},"end":{"line":50,"column":83}},"7":{"start":{"line":51,"column":2},"end":{"line":67,"column":null}},"8":{"start":{"line":60,"column":43},"end":{"line":60,"column":61}},"9":{"start":{"line":72,"column":21},"end":{"line":72,"column":40}},"10":{"start":{"line":73,"column":21},"end":{"line":73,"column":56}},"11":{"start":{"line":85,"column":8},"end":{"line":85,"column":null}},"12":{"start":{"line":87,"column":21},"end":{"line":87,"column":38}},"13":{"start":{"line":88,"column":25},"end":{"line":88,"column":46}},"14":{"start":{"line":89,"column":10},"end":{"line":89,"column":null}},"15":{"start":{"line":92,"column":16},"end":{"line":92,"column":60}},"16":{"start":{"line":93,"column":4},"end":{"line":93,"column":null}},"17":{"start":{"line":93,"column":11},"end":{"line":93,"column":null}},"18":{"start":{"line":94,"column":4},"end":{"line":94,"column":null}},"19":{"start":{"line":94,"column":16},"end":{"line":94,"column":null}},"20":{"start":{"line":95,"column":4},"end":{"line":96,"column":null}},"21":{"start":{"line":95,"column":19},"end":{"line":95,"column":null}},"22":{"start":{"line":96,"column":13},"end":{"line":96,"column":null}},"23":{"start":{"line":96,"column":26},"end":{"line":96,"column":null}},"24":{"start":{"line":97,"column":4},"end":{"line":98,"column":null}},"25":{"start":{"line":98,"column":6},"end":{"line":98,"column":null}},"26":{"start":{"line":99,"column":4},"end":{"line":99,"column":null}},"27":{"start":{"line":100,"column":4},"end":{"line":100,"column":null}},"28":{"start":{"line":101,"column":4},"end":{"line":101,"column":null}},"29":{"start":{"line":104,"column":21},"end":{"line":104,"column":65}},"30":{"start":{"line":105,"column":4},"end":{"line":105,"column":null}},"31":{"start":{"line":105,"column":11},"end":{"line":105,"column":null}},"32":{"start":{"line":106,"column":4},"end":{"line":106,"column":null}},"33":{"start":{"line":106,"column":16},"end":{"line":106,"column":null}},"34":{"start":{"line":107,"column":4},"end":{"line":108,"column":null}},"35":{"start":{"line":107,"column":19},"end":{"line":107,"column":null}},"36":{"start":{"line":108,"column":13},"end":{"line":108,"column":null}},"37":{"start":{"line":108,"column":26},"end":{"line":108,"column":null}},"38":{"start":{"line":109,"column":4},"end":{"line":110,"column":null}},"39":{"start":{"line":110,"column":6},"end":{"line":110,"column":null}},"40":{"start":{"line":111,"column":4},"end":{"line":111,"column":null}},"41":{"start":{"line":112,"column":4},"end":{"line":112,"column":null}},"42":{"start":{"line":114,"column":4},"end":{"line":162,"column":null}},"43":{"start":{"line":115,"column":30},"end":{"line":124,"column":8}},"44":{"start":{"line":126,"column":6},"end":{"line":134,"column":null}},"45":{"start":{"line":127,"column":8},"end":{"line":134,"column":null}},"46":{"start":{"line":137,"column":22},"end":{"line":137,"column":38}},"47":{"start":{"line":138,"column":18},"end":{"line":138,"column":null}},"48":{"start":{"line":139,"column":6},"end":{"line":141,"column":null}},"49":{"start":{"line":140,"column":29},"end":{"line":140,"column":50}},"50":{"start":{"line":141,"column":8},"end":{"line":141,"column":null}},"51":{"start":{"line":144,"column":12},"end":{"line":150,"column":23}},"52":{"start":{"line":145,"column":20},"end":{"line":145,"column":31}},"53":{"start":{"line":148,"column":12},"end":{"line":148,"column":null}},"54":{"start":{"line":152,"column":6},"end":{"line":152,"column":null}},"55":{"start":{"line":154,"column":22},"end":{"line":154,"column":70}},"56":{"start":{"line":155,"column":6},"end":{"line":162,"column":null}},"57":{"start":{"line":168,"column":33},"end":{"line":168,"column":56}}},"fnMap":{"0":{"name":"extractPatientId","decl":{"start":{"line":42,"column":9},"end":{"line":42,"column":26}},"loc":{"start":{"line":42,"column":68},"end":{"line":44,"column":null}},"line":42},"1":{"name":"mapReport","decl":{"start":{"line":47,"column":9},"end":{"line":47,"column":19}},"loc":{"start":{"line":47,"column":64},"end":{"line":67,"column":null}},"line":47},"2":{"name":"(anonymous_2)","decl":{"start":{"line":49,"column":20},"end":{"line":49,"column":26}},"loc":{"start":{"line":49,"column":26},"end":{"line":49,"column":83}},"line":49},"3":{"name":"(anonymous_3)","decl":{"start":{"line":50,"column":20},"end":{"line":50,"column":26}},"loc":{"start":{"line":50,"column":26},"end":{"line":50,"column":83}},"line":50},"4":{"name":"(anonymous_4)","decl":{"start":{"line":60,"column":32},"end":{"line":60,"column":37}},"loc":{"start":{"line":60,"column":43},"end":{"line":60,"column":61}},"line":60},"5":{"name":"(anonymous_5)","decl":{"start":{"line":71,"column":2},"end":{"line":71,"column":null}},"loc":{"start":{"line":74,"column":4},"end":{"line":73,"column":56}},"line":74},"6":{"name":"(anonymous_6)","decl":{"start":{"line":76,"column":8},"end":{"line":76,"column":13}},"loc":{"start":{"line":76,"column":75},"end":{"line":162,"column":null}},"line":76},"7":{"name":"(anonymous_7)","decl":{"start":{"line":145,"column":9},"end":{"line":145,"column":14}},"loc":{"start":{"line":145,"column":20},"end":{"line":145,"column":31}},"line":145},"8":{"name":"(anonymous_8)","decl":{"start":{"line":146,"column":9},"end":{"line":146,"column":null}},"loc":{"start":{"line":148,"column":12},"end":{"line":148,"column":null}},"line":148}},"branchMap":{"0":{"loc":{"start":{"line":43,"column":14},"end":{"line":43,"column":null}},"type":"binary-expr","locations":[{"start":{"line":43,"column":14},"end":{"line":43,"column":36}},{"start":{"line":43,"column":36},"end":{"line":43,"column":null}}],"line":43},"1":{"loc":{"start":{"line":44,"column":9},"end":{"line":44,"column":null}},"type":"cond-expr","locations":[{"start":{"line":44,"column":38},"end":{"line":44,"column":66}},{"start":{"line":44,"column":69},"end":{"line":44,"column":null}}],"line":44},"2":{"loc":{"start":{"line":48,"column":16},"end":{"line":48,"column":38}},"type":"binary-expr","locations":[{"start":{"line":48,"column":16},"end":{"line":48,"column":36}},{"start":{"line":48,"column":36},"end":{"line":48,"column":38}}],"line":48},"3":{"loc":{"start":{"line":49,"column":33},"end":{"line":49,"column":54}},"type":"binary-expr","locations":[{"start":{"line":49,"column":33},"end":{"line":49,"column":50}},{"start":{"line":49,"column":50},"end":{"line":49,"column":54}}],"line":49},"4":{"loc":{"start":{"line":50,"column":33},"end":{"line":50,"column":54}},"type":"binary-expr","locations":[{"start":{"line":50,"column":33},"end":{"line":50,"column":50}},{"start":{"line":50,"column":50},"end":{"line":50,"column":54}}],"line":50},"5":{"loc":{"start":{"line":53,"column":12},"end":{"line":53,"column":null}},"type":"binary-expr","locations":[{"start":{"line":53,"column":12},"end":{"line":53,"column":25}},{"start":{"line":53,"column":25},"end":{"line":53,"column":null}}],"line":53},"6":{"loc":{"start":{"line":54,"column":14},"end":{"line":54,"column":null}},"type":"binary-expr","locations":[{"start":{"line":54,"column":14},"end":{"line":54,"column":31}},{"start":{"line":54,"column":31},"end":{"line":54,"column":64}},{"start":{"line":54,"column":64},"end":{"line":54,"column":null}}],"line":54},"7":{"loc":{"start":{"line":56,"column":6},"end":{"line":56,"column":null}},"type":"binary-expr","locations":[{"start":{"line":56,"column":6},"end":{"line":56,"column":32}},{"start":{"line":56,"column":32},"end":{"line":56,"column":74}},{"start":{"line":56,"column":74},"end":{"line":56,"column":null}}],"line":56},"8":{"loc":{"start":{"line":57,"column":19},"end":{"line":57,"column":null}},"type":"binary-expr","locations":[{"start":{"line":57,"column":19},"end":{"line":57,"column":43}},{"start":{"line":57,"column":43},"end":{"line":57,"column":56}},{"start":{"line":57,"column":56},"end":{"line":57,"column":80}},{"start":{"line":57,"column":80},"end":{"line":57,"column":null}}],"line":57},"9":{"loc":{"start":{"line":58,"column":17},"end":{"line":58,"column":null}},"type":"cond-expr","locations":[{"start":{"line":58,"column":44},"end":{"line":58,"column":63}},{"start":{"line":58,"column":63},"end":{"line":58,"column":null}}],"line":58},"10":{"loc":{"start":{"line":59,"column":16},"end":{"line":59,"column":null}},"type":"binary-expr","locations":[{"start":{"line":59,"column":16},"end":{"line":59,"column":33}},{"start":{"line":59,"column":33},"end":{"line":59,"column":null}}],"line":59},"11":{"loc":{"start":{"line":60,"column":14},"end":{"line":60,"column":30}},"type":"binary-expr","locations":[{"start":{"line":60,"column":14},"end":{"line":60,"column":28}},{"start":{"line":60,"column":28},"end":{"line":60,"column":30}}],"line":60},"12":{"loc":{"start":{"line":60,"column":43},"end":{"line":60,"column":61}},"type":"binary-expr","locations":[{"start":{"line":60,"column":43},"end":{"line":60,"column":58}},{"start":{"line":60,"column":58},"end":{"line":60,"column":61}}],"line":60},"13":{"loc":{"start":{"line":62,"column":20},"end":{"line":62,"column":null}},"type":"binary-expr","locations":[{"start":{"line":62,"column":20},"end":{"line":62,"column":43}},{"start":{"line":62,"column":43},"end":{"line":62,"column":null}}],"line":62},"14":{"loc":{"start":{"line":63,"column":13},"end":{"line":63,"column":null}},"type":"binary-expr","locations":[{"start":{"line":63,"column":13},"end":{"line":63,"column":26}},{"start":{"line":63,"column":26},"end":{"line":63,"column":null}}],"line":63},"15":{"loc":{"start":{"line":64,"column":14},"end":{"line":64,"column":null}},"type":"binary-expr","locations":[{"start":{"line":64,"column":14},"end":{"line":64,"column":28}},{"start":{"line":64,"column":28},"end":{"line":64,"column":null}}],"line":64},"16":{"loc":{"start":{"line":65,"column":13},"end":{"line":65,"column":null}},"type":"binary-expr","locations":[{"start":{"line":65,"column":13},"end":{"line":65,"column":26}},{"start":{"line":65,"column":26},"end":{"line":65,"column":null}}],"line":65},"17":{"loc":{"start":{"line":66,"column":14},"end":{"line":66,"column":null}},"type":"binary-expr","locations":[{"start":{"line":66,"column":14},"end":{"line":66,"column":28}},{"start":{"line":66,"column":28},"end":{"line":66,"column":null}}],"line":66},"18":{"loc":{"start":{"line":72,"column":4},"end":{"line":72,"column":null}},"type":"default-arg","locations":[{"start":{"line":72,"column":40},"end":{"line":72,"column":null}}],"line":72},"19":{"loc":{"start":{"line":73,"column":4},"end":{"line":73,"column":null}},"type":"default-arg","locations":[{"start":{"line":73,"column":56},"end":{"line":73,"column":null}}],"line":73},"20":{"loc":{"start":{"line":78,"column":6},"end":{"line":78,"column":null}},"type":"default-arg","locations":[{"start":{"line":78,"column":10},"end":{"line":78,"column":null
[...]
":"cond-expr","locations":[{"start":{"line":30,"column":61},"end":{"line":30,"column":84}},{"start":{"line":30,"column":84},"end":{"line":30,"column":null}}],"line":30},"1":{"loc":{"start":{"line":30,"column":47},"end":{"line":30,"column":57}},"type":"binary-expr","locations":[{"start":{"line":30,"column":47},"end":{"line":30,"column":54}},{"start":{"line":30,"column":54},"end":{"line":30,"column":57}}],"line":30},"2":{"loc":{"start":{"line":34,"column":14},"end":{"line":34,"column":null}},"type":"binary-expr","locations":[{"start":{"line":34,"column":14},"end":{"line":34,"column":36}},{"start":{"line":34,"column":36},"end":{"line":34,"column":null}}],"line":34},"3":{"loc":{"start":{"line":35,"column":9},"end":{"line":35,"column":null}},"type":"cond-expr","locations":[{"start":{"line":35,"column":38},"end":{"line":35,"column":66}},{"start":{"line":35,"column":69},"end":{"line":35,"column":null}}],"line":35},"4":{"loc":{"start":{"line":43,"column":18},"end":{"line":43,"column":42}},"type":"binary-expr","locations":[{"start":{"line":43,"column":18},"end":{"line":43,"column":40}},{"start":{"line":43,"column":40},"end":{"line":43,"column":42}}],"line":43},"5":{"loc":{"start":{"line":44,"column":35},"end":{"line":44,"column":56}},"type":"binary-expr","locations":[{"start":{"line":44,"column":35},"end":{"line":44,"column":52}},{"start":{"line":44,"column":52},"end":{"line":44,"column":56}}],"line":44},"6":{"loc":{"start":{"line":45,"column":35},"end":{"line":45,"column":56}},"type":"binary-expr","locations":[{"start":{"line":45,"column":35},"end":{"line":45,"column":52}},{"start":{"line":45,"column":52},"end":{"line":45,"column":56}}],"line":45},"7":{"loc":{"start":{"line":48,"column":10},"end":{"line":48,"column":null}},"type":"binary-expr","locations":[{"start":{"line":48,"column":10},"end":{"line":48,"column":21}},{"start":{"line":48,"column":21},"end":{"line":48,"column":null}}],"line":48},"8":{"loc":{"start":{"line":50,"column":16},"end":{"line":50,"column":null}},"type":"binary-expr","locations":[{"start":{"line":50,"column":16},"end":{"line":50,"column":35}},{"start":{"line":50,"column":35},"end":{"line":50,"column":70}},{"start":{"line":50,"column":70},"end":{"line":50,"column":null}}],"line":50},"9":{"loc":{"start":{"line":52,"column":8},"end":{"line":54,"column":null}},"type":"binary-expr","locations":[{"start":{"line":52,"column":8},"end":{"line":52,"column":null}},{"start":{"line":53,"column":8},"end":{"line":53,"column":null}},{"start":{"line":54,"column":8},"end":{"line":54,"column":null}}],"line":52},"10":{"loc":{"start":{"line":56,"column":8},"end":{"line":56,"column":null}},"type":"binary-expr","locations":[{"start":{"line":56,"column":8},"end":{"line":56,"column":34}},{"start":{"line":56,"column":34},"end":{"line":56,"column":49}},{"start":{"line":56,"column":49},"end":{"line":56,"column":75}},{"start":{"line":56,"column":75},"end":{"line":56,"column":null}}],"line":56},"11":{"loc":{"start":{"line":57,"column":19},"end":{"line":57,"column":null}},"type":"cond-expr","locations":[{"start":{"line":57,"column":48},"end":{"line":57,"column":69}},{"start":{"line":57,"column":69},"end":{"line":57,"column":null}}],"line":57},"12":{"loc":{"start":{"line":58,"column":18},"end":{"line":58,"column":null}},"type":"binary-expr","locations":[{"start":{"line":58,"column":18},"end":{"line":58,"column":37}},{"start":{"line":58,"column":37},"end":{"line":58,"column":null}}],"line":58},"13":{"loc":{"start":{"line":59,"column":16},"end":{"line":59,"column":34}},"type":"binary-expr","locations":[{"start":{"line":59,"column":16},"end":{"line":59,"column":32}},{"start":{"line":59,"column":32},"end":{"line":59,"column":34}}],"line":59},"14":{"loc":{"start":{"line":60,"column":20},"end":{"line":60,"column":38}},"type":"binary-expr","locations":[{"start":{"line":60,"column":20},"end":{"line":60,"column":35}},{"start":{"line":60,"column":35},"end":{"line":60,"column":38}}],"line":60},"15":{"loc":{"start":{"line":63,"column":22},"end":{"line":63,"column":null}},"type":"binary-expr","locations":[{"start":{"line":63,"column":22},"end":{"line":63,"column":47}},{"start":{"line":63,"column":47},"end":{"line":63,"column":null}}],"line":63},"16":{"loc":{"start":{"line":64,"column":15},"end":{"line":64,"column":null}},"type":"binary-expr","locations":[{"start":{"line":64,"column":15},"end":{"line":64,"column":28}},{"start":{"line":64,"column":28},"end":{"line":64,"column":null}}],"line":64},"17":{"loc":{"start":{"line":65,"column":16},"end":{"line":65,"column":null}},"type":"binary-expr","locations":[{"start":{"line":65,"column":16},"end":{"line":65,"column":30}},{"start":{"line":65,"column":30},"end":{"line":65,"column":null}}],"line":65},"18":{"loc":{"start":{"line":66,"column":15},"end":{"line":66,"column":null}},"type":"binary-expr","locations":[{"start":{"line":66,"column":15},"end":{"line":66,"column":28}},{"start":{"line":66,"column":28},"end":{"line":66,"column":null}}],"line":66},"19":{"loc":{"start":{"line":67,"column":16},"end":{"line":67,"column":null}},"type":"binary-expr","locations":[{"start":{"line":67,"column":16},"end":{"line":67,"column":30}},{"start":{"line":67,"column":30},"end":{"line":67,"column":null}}],"line":67}},"s":{"0":1,"1":14,"2":14,"3":14,"4":14,"5":14,"6":3,"7":14,"8":4,"9":14,"10":2},"f":{"0":14,"1":14,"2":1,"3":3,"4":4,"5":2},"b":{"0":[13,1],"1":[14,0],"2":[14,1],"3":[13,1],"4":[14,11],"5":[3,0],"6":[4,0],"7":[14,1],"8":[14,1,0],"9":[14,13,13],"10":[14,13,13,12],"11":[1,13],"12":[14,14],"13":[14,13],"14":[2,0],"15":[14,1],"16":[14,12],"17":[14,12],"18":[14,12],"19":[14,12]},"meta":{"lastBranch":20,"lastFunction":6,"lastStatement":11,"seen":{"s:24:39:27:Infinity":0,"f:29:9:29:18":0,"s:30:2:30:Infinity":1,"b:30:61:30:84:30:84:30:Infinity":0,"b:30:47:30:54:30:54:30:57":1,"f:33:9:33:26":1,"s:34:14:34:Infinity":2,"b:34:14:34:36:34:36:34:Infinity":2,"s:35:2:35:Infinity":3,"b:35:38:35:66:35:69:35:Infinity":3,"f:42:9:42:18":2,"s:43:18:43:42":4,"b:43:18:43:40:43:40:43:42":4,"s:44:16:44:86":5,"f:44:22:44:28":3,"s:44:28:44:85":6,"b:44:35:44:52:44:52:44:56":5,"s:45:16:45:86":7,"f:45:22:45:28":4,"s:45:28:45:85":8,"b:45:35:45:52:45:52:45:56":6,"s:47:4:68:Infinity":9,"b:48:10:48:21:48:21:48:Infinity":7,"b:50:16:50:35:50:35:50:70:50:70:50:Infinity":8,"b:52:8:52:Infinity:53:8:53:Infinity:54:8:54:Infinity":9,"b:56:8:56:34:56:34:56:49:56:49:56:75:56:75:56:Infinity":10,"b:57:48:57:69:57:69:57:Infinity":11,"b:58:18:58:37:58:37:58:Infinity":12,"b:59:16:59:32:59:32:59:34":13,"f:60:9:60:14":5,"s:60:20:60:38":10,"b:60:20:60:35:60:35:60:38":14,"b:63:22:63:47:63:47:63:Infinity":15,"b:64:15:64:28:64:28:64:Infinity":16,"b:65:16:65:30:65:30:65:Infinity":17,"b:66:15:66:28:66:28:66:Infinity":18,"b:67:16:67:30:67:30:67:Infinity":19}}}
,"C:\\Users\\Farhad Arian\\OneDrive - ZLZ Zentrallabor AG\\Dokumente\\Claude\\Projects\\OrderEntry\\frontend\\zetlab\\src\\infrastructure\\fhir\\FhirClient.ts": {"path":"C:\\Users\\Farhad Arian\\OneDrive - ZLZ Zentrallabor AG\\Dokumente\\Claude\\Projects\\OrderEntry\\frontend\\zetlab\\src\\infrastructure\\fhir\\FhirClient.ts","statementMap":{"0":{"start":{"line":11,"column":33},"end":{"line":11,"column":null}},"1":{"start":{"line":17,"column":14},"end":{"line":17,"column":80}},"2":{"start":{"line":18,"column":2},"end":{"line":20,"column":null}},"3":{"start":{"line":19,"column":4},"end":{"line":20,"column":null}},"4":{"start":{"line":20,"column":6},"end":{"line":20,"column":null}},"5":{"start":{"line":20,"column":39},"end":{"line":20,"column":null}},"6":{"start":{"line":23,"column":14},"end":{"line":26,"column":4}},"7":{"start":{"line":27,"column":2},"end":{"line":27,"column":null}},"8":{"start":{"line":27,"column":15},"end":{"line":27,"column":null}},"9":{"start":{"line":28,"column":2},"end":{"line":28,"column":null}}},"fnMap":{"0":{"name":"fhirGet","decl":{"start":{"line":13,"column":22},"end":{"line":13,"column":null}},"loc":{"start":{"line":16,"column":14},"end":{"line":28,"column":null}},"line":16}},"branchMap":{"0":{"loc":{"start":{"line":17,"column":37},"end":{"line":17,"column":80}},"type":"cond-expr","locations":[{"start":{"line":17,"column":60},"end":{"line":17,"column":67}},{"start":{"line":17,"column":67},"end":{"line":17,"column":80}}],"line":17},"1":{"loc":{"start":{"line":18,"column":2},"end":{"line":20,"column":null}},"type":"if","locations":[{"start":{"line":18,"column":2},"end":{"line":20,"column":null}},{"start":{},"end":{}}],"line":18},"2":{"loc":{"start":{"line":20,"column":6},"end":{"line":20,"column":null}},"type":"if","locations":[{"start":{"line":20,"column":6},"end":{"line":20,"column":null}},{"start":{},"end":{}}],"line":20},"3":{"loc":{"start":{"line":20,"column":10},"end":{"line":20,"column":39}},"type":"binary-expr","locations":[{"start":{"line":20,"column":10},"end":{"line":20,"column":29}},{"start":{"line":20,"column":29},"end":{"line":20,"column":39}}],"line":20},"4":{"loc":{"start":{"line":27,"column":2},"end":{"line":27,"column":null}},"type":"if","locations":[{"start":{"line":27,"column":2},"end":{"line":27,"column":null}},{"start":{},"end":{}}],"line":27}},"s":{"0":3,"1":0,"2":0,"3":0,"4":0,"5":0,"6":0,"7":0,"8":0,"9":0},"f":{"0":0},"b":{"0":[0,0],"1":[0,0],"2":[0,0],"3":[0,0],"4":[0,0]},"meta":{"lastBranch":5,"lastFunction":1,"lastStatement":10,"seen":{"s:11:33:11:Infinity":0,"f:13:22:13:Infinity":0,"s:17:14:17:80":1,"b:17:60:17:67:17:67:17:80":0,"b:18:2:20:Infinity:undefined:undefined:undefined:undefined":1,"s:18:2:20:Infinity":2,"s:19:4:20:Infinity":3,"b:20:6:20:Infinity:undefined:undefined:undefined:undefined":2,"s:20:6:20:Infinity":4,"b:20:10:20:29:20:29:20:39":3,"s:20:39:20:Infinity":5,"s:23:14:26:4":6,"b:27:2:27:Infinity:undefined:undefined:undefined:undefined":4,"s:27:2:27:Infinity":7,"s:27:15:27:Infinity":8,"s:28:2:28:Infinity":9}}}
,"C:\\Users\\Farhad Arian\\OneDrive - ZLZ Zentrallabor AG\\Dokumente\\Claude\\Projects\\OrderEntry\\frontend\\zetlab\\src\\infrastructure\\fhir\\ObservationMapper.ts": {"path":"C:\\Users\\Farhad Arian\\OneDrive - ZLZ Zentrallabor AG\\Dokumente\\Claude\\Projects\\OrderEntry\\frontend\\zetlab\\src\\infrastructure\\fhir\\ObservationMapper.ts","statementMap":{"0":{"start":{"line":19,"column":4},"end":{"line":29,"column":null}}},"fnMap":{"0":{"name":"(anonymous_0)","decl":{"start":{"line":18,"column":9},"end":{"line":18,"column":18}},"loc":{"start":{"line":18,"column":51},"end":{"line":29,"column":null}},"line":18}},"branchMap":{"0":{"loc":{"start":{"line":20,"column":10},"end":{"line":20,"column":null}},"type":"binary-expr","locations":[{"start":{"line":20,"column":10},"end":{"line":20,"column":21}},{"start":{"line":20,"column":21},"end":{"line":20,"column":null}}],"line":20},"1":{"loc":{"start":{"line":21,"column":12},"end":{"line":21,"column":null}},"type":"binary-expr","locations":[{"start":{"line":21,"column":12},"end":{"line":21,"column":44}},{"start":{"line":21,"column":44},"end":{"line":21,"column":null}}],"line":21},"2":{"loc":{"start":{"line":23,"column":8},"end":{"line":23,"column":null}},"type":"binary-expr","locations":[{"start":{"line":23,"column":8},"end":{"line":23,"column":27}},{"start":{"line":23,"column":27},"end":{"line":23,"column":62}},{"start":{"line":23,"column":62},"end":{"line":23,"column":null}}],"line":23},"3":{"loc":{"start":{"line":25,"column":8},"end":{"line":27,"column":null}},"type":"binary-expr","locations":[{"start":{"line":25,"column":8},"end":{"line":25,"column":null}},{"start":{"line":26,"column":8},"end":{"line":26,"column":null}},{"start":{"line":27,"column":8},"end":{"line":27,"column":null}}],"line":25}},"s":{"0":0},"f":{"0":0},"b":{"0":[0,0],"1":[0,0],"2":[0,0,0],"3":[0,0,0]},"meta":{"lastBranch":4,"lastFunction":1,"lastStatement":1,"seen":{"f:18:9:18:18":0,"s:19:4:29:Infinity":0,"b:20:10:20:21:20:21:20:Infinity":0,"b:21:12:21:44:21:44:21:Infinity":1,"b:23:8:23:27:23:27:23:62:23:62:23:Infinity":2,"b:25:8:25:Infinity:26:8:26:Infinity:27:8:27:Infinity":3}}}
,"C:\\Users\\Farhad Arian\\OneDrive - ZLZ Zentrallabor AG\\Dokumente\\Claude\\Projects\\OrderEntry\\frontend\\zetlab\\src\\infrastructure\\repositories\\FhirOrderRepository.ts": {"path":"C:\\Users\\Farhad Arian\\OneDrive - ZLZ Zentrallabor AG\\Dokumente\\Claude\\Projects\\OrderEntry\\frontend\\zetlab\\src\\infrastructure\\repositories\\FhirOrderRepository.ts","statementMap":{"0":{"start":{"line":25,"column":26},"end":{"line":25,"column":null}},"1":{"start":{"line":28,"column":55},"end":{"line":33,"column":null}},"2":{"start":{"line":34,"column":16},"end":{"line":34,"column":87}},"3":{"start":{"line":35,"column":4},"end":{"line":35,"column":null}},"4":{"start":{"line":35,"column":19},"end":{"line":35,"column":null}},"5":{"start":{"line":36,"column":17},"end":{"line":36,"column":56}},"6":{"start":{"line":37,"column":4},"end":{"line":42,"column":null}},"7":{"start":{"line":46,"column":4},"end":{"line":52,"column":null}},"8":{"start":{"line":47,"column":18},"end":{"line":48,"column":null}},"9":{"start":{"line":50,"column":6},"end":{"line":50,"column":null}},"10":{"start":{"line":52,"column":6},"end":{"line":52,"column":null}},"11":{"start":{"line":57,"column":16},"end":{"line":59,"column":null}},"12":{"start":{"line":61,"column":4},"end":{"line":61,"column":null}},"13":{"start":{"line":65,"column":4},"end":{"line":65,"column":null}}},"fnMap":{"0":{"name":"(anonymous_0)","decl":{"start":{"line":27,"column":8},"end":{"line":27,"column":15}},"loc":{"start":{"line":27,"column":62},"end":{"line":42,"column":null}},"line":27},"1":{"name":"(anonymous_1)","decl":{"start":{"line":45,"column":8},"end":{"line":45,"column":16}},"loc":{"start":{"line":45,"column":51},"end":{"line":52,"column":null}},"line":45},"2":{"name":"(anonymous_2)","decl":{"start":{"line":56,"column":8},"end":{"line":56,"column":15}},"loc":{"start":{"line":56,"column":58},"end":{"line":61,"column":null}},"line":56},"3":{"name":"(anonymous_3)","decl":{"start":{"line":64,"column":8},"end":{"line":64,"column":15}},"loc":{"start":{"line":64,"column":42},"end":{"line":65,"column":null}},"line":64}},"branchMap":{"0":{"loc":{"start":{"line":31,"column":12},"end":{"line":31,"column":null}},"type":"cond-expr","locations":[{"start":{"line":31,"column":39},"end":{"line":31,"column":57}},{"start":{"line":31,"column":60},"end":{"line":31,"column":null}}],"line":31},"1":{"loc":{"start":{"line":32,"column":16},"end":{"line":32,"column":null}},"type":"cond-expr","locations":[{"start":{"line":32,"column":47},"end":{"line":32,"column":69}},{"start":{"line":32,"column":72},"end":{"line":32,"column":null}}],"line":32},"2":{"loc":{"start":{"line":35,"column":4},"end":{"line":35,"column":null}},"type":"if","locations":[{"start":{"line":35,"column":4},"end":{"line":35,"column":null}},{"start":{},"end":{}}],"line":35},"3":{"loc":{"start":{"line":36,"column":17},"end":{"line":36,"column":56}},"type":"cond-expr","locations":[{"start":{"line":36,"column":43},"end":{"line":36,"column":54}},{"start":{"line":36,"column":54},"end":{"line":36,"column":56}}],"line":36},"4":{"loc":{"start":{"line":39,"column":13},"end":{"line":39,"column":null}},"type":"binary-expr","locations":[{"start":{"line":39,"column":13},"end":{"line":39,"column":26}},{"start":{"line":39,"column":26},"end":{"line":39,"column":null}}],"line":39},"5":{"loc":{"start":{"line":40,"column":12},"end":{"line":40,"column":null}},"type":"binary-expr","locations":[{"start":{"line":40,"column":12},"end":{"line":40,"column":26}},{"start":{"line":40,"column":26},"end":{"line":40,"column":null}}],"line":40},"6":{"loc":{"start":{"line":41,"column":16},"end":{"line":41,"column":null}},"type":"binary-expr","locations":[{"start":{"line":41,"column":16},"end":{"line":41,"column":34}},{"start":{"line":41,"column":34},"end":{"line":41,"column":null}}],"line":41},"7":{"loc":{"start":{"line":50,"column":13},"end":{"line":50,"column":null}},"type":"binary-expr","locations":[{"start":{"line":50,"column":13},"end":{"line":50,"column":25}},{"start":{"line":50,"column":25},"end":{"line":50,"column":null}}],"line":50}},"s":{"0":0,"1":0,"2":0,"3":0,"4":0,"5":0,"6":0,"7":0,"8":0,"9":0,"10":0,"11":0,"12":0,"13":0},"f":{"0":0,"1":0,"2":0,"3":0},"b":{"0":[0,0],"1":[0,0],"2":[0,0],"3":[0,0],"4":[0,0],"5":[0,0],"6":[0,0],"7":[0,0]},"meta":{"lastBranch":8,"lastFunction":4,"lastStatement":14,"seen":{"s:25:26:25:Infinity":0,"f:27:8:27:15":0,"s:28:55:33:Infinity":1,"b:31:39:31:57:31:60:31:Infinity":0,"b:32:47:32:69:32:72:32:Infinity":1,"s:34:16:34:87":2,"b:35:4:35:Infinity:undefined:undefined:undefined:undefined":2,"s:35:4:35:Infinity":3,"s:35:19:35:Infinity":4,"s:36:17:36:56":5,"b:36:43:36:54:36:54:36:56":3,"s:37:4:42:Infinity":6,"b:39:13:39:26:39:26:39:Infinity":4,"b:40:12:40:26:40:26:40:Infinity":5,"b:41:16:41:34:41:34:41:Infinity":6,"f:45:8:45:16":1,"s:46:4:52:Infinity":7,"s:47:18:48:Infinity":8,"s:50:6:50:Infinity":9,"b:50:13:50:25:50:25:50:Infinity":7,"s:52:6:52:Infinity":10,"f:56:8:56:15":2,"s:57:16:59:Infinity":11,"s:61:4:61:Infinity":12,"f:64:8:64:15":3,"s:65:4:65:Infinity":13}}}
,"C:\\Users\\Farhad Arian\\OneDrive - ZLZ Zentrallabor AG\\Dokumente\\Claude\\Projects\\OrderEntry\\frontend\\zetlab\\src\\infrastructure\\repositories\\FhirResultRepository.ts": {"path":"C:\\Users\\Farhad Arian\\OneDrive - ZLZ Zentrallabor AG\\Dokumente\\Claude\\Projects\\OrderEntry\\frontend\\zetlab\\src\\infrastructure\\repositories\\FhirResultRepository.ts","statementMap":{"0":{"start":{"line":25,"column":26},"end":{"line":25,"column":null}},"1":{"start":{"line":28,"column":55},"end":{"line":36,"column":null}},"2":{"start":{"line":38,"column":16},"end":{"line":40,"column":null}},"3":{"start":{"line":42,"column":4},"end":{"line":42,"column":null}},"4":{"start":{"line":42,"column":19},"end":{"line":42,"column":null}},"5":{"start":{"line":43,"column":4},"end":{"line":43,"column":null}},"6":{"start":{"line":47,"column":4},"end":{"line":53,"column":null}},"7":{"start":{"line":48,"column":18},"end":{"line":49,"column":null}},"8":{"start":{"line":51,"column":6},"end":{"line":51,"column":null}},"9":{"start":{"line":53,"column":6},"end":{"line":53,"column":null}}},"fnMap":{"0":{"name":"(anonymous_0)","decl":{"start":{"line":27,"column":8},"end":{"line":27,"column":15}},"loc":{"start":{"line":27,"column":64},"end":{"line":43,"column":null}},"line":27},"1":{"name":"(anonymous_1)","decl":{"start":{"line":46,"column":8},"end":{"line":46,"column":16}},"loc":{"start":{"line":46,"column":52},"end":{"line":53,"column":null}},"line":46}},"branchMap":{"0":{"loc":{"start":{"line":34,"column":12},"end":{"line":34,"column":null}},"type":"cond-expr","locations":[{"start":{"line":34,"column":39},"end":{"line":34,"column":57}},{"start":{"line":34,"column":60},"end":{"line":34,"column":null}}],"line":34},"1":{"loc":{"start":{"line":35,"column":16},"end":{"line":35,"column":null}},"type":"cond-expr","locations":[{"start":{"line":35,"column":47},"end":{"line":35,"column":69}},{"start":{"line":35,"column":72},"end":{"line":35,"column":null}}],"line":35},"2":{"loc":{"start":{"line":42,"column":4},"end":{"line":42,"column":null}},"type":"if","locations":[{"start":{"line":42,"column":4},"end":{"line":42,"column":null}},{"start":{},"end":{}}],"line":42},"3":{"loc":{"start":{"line":51,"column":13},"end":{"line":51,"column":null}},"type":"binary-expr","locations":[{"start":{"line":51,"column":13},"end":{"line":51,"column":30}},{"start":{"line":51,"column":30},"end":{"line":51,"column":null}}],"line":51}},"s":{"0":0,"1":0,"2":0,"3":0,"4":0,"5":0,"6":0,"7":0,"8":0,"9":0},"f":{"0":0,"1":0},"b":{"0":[0,0],"1":[0,0],"2":[0,0],"3":[0,0]},"meta":{"lastBranch":4,"lastFunction":2,"lastStatement":10,"seen":{"s:25:26:25:Infinity":0,"f:27:8:27:15":0,"s:28:55:36:Infinity":1,"b:34:39:34:57:34:60:34:Infinity":0,"b:35:47:35:69:35:72:35:Infinity":1,"s:38:16:40:Infinity":2,"b:42:4:42:Infinity:undefined:undefined:undefined:undefined":2,"s:42:4:42:Infinity":3,"s:42:19:42:Infinity":4,"s:43:4:43:Infinity":5,"f:46:8:46:16":1,"s:47:4:53:Infinity":6,"s:48:18:49:Infinity":7,"s:51:6:51:Infinity":8,"b:51:13:51:30:51:30:51:Infinity":3,"s:53:6:53:Infinity":9}}}
}
